[2025-11-06 14:05:28Z INFO HostContext] No proxy settings were found based on environmental variables (http_proxy/https_proxy/HTTP_PROXY/HTTPS_PROXY)
[2025-11-06 14:05:28Z INFO HostContext] Well known directory 'Bin': 'C:\Users\asadi\Desktop\courses\3rdyear\1st sem\MLOps\Asiignments\github-actions-docker-demo\actions-runner\bin'
[2025-11-06 14:05:28Z INFO HostContext] Well known directory 'Root': 'C:\Users\asadi\Desktop\courses\3rdyear\1st sem\MLOps\Asiignments\github-actions-docker-demo\actions-runner'
[2025-11-06 14:05:28Z INFO HostContext] Well known config file 'Credentials': 'C:\Users\asadi\Desktop\courses\3rdyear\1st sem\MLOps\Asiignments\github-actions-docker-demo\actions-runner\.credentials'
[2025-11-06 14:05:28Z INFO HostContext] Well known directory 'Bin': 'C:\Users\asadi\Desktop\courses\3rdyear\1st sem\MLOps\Asiignments\github-actions-docker-demo\actions-runner\bin'
[2025-11-06 14:05:28Z INFO HostContext] Well known directory 'Root': 'C:\Users\asadi\Desktop\courses\3rdyear\1st sem\MLOps\Asiignments\github-actions-docker-demo\actions-runner'
[2025-11-06 14:05:28Z INFO HostContext] Well known config file 'Runner': 'C:\Users\asadi\Desktop\courses\3rdyear\1st sem\MLOps\Asiignments\github-actions-docker-demo\actions-runner\.runner'
[2025-11-06 14:05:28Z INFO Listener] Runner is built for Windows (X64) - win-x64.
[2025-11-06 14:05:28Z INFO Listener] RuntimeInformation: Microsoft Windows 10.0.19045.
[2025-11-06 14:05:28Z INFO Listener] Version: 2.329.0
[2025-11-06 14:05:28Z INFO Listener] Commit: c76c59996c8fa32e989164a5a695efb12608ae5a
[2025-11-06 14:05:28Z INFO Listener] Culture: en-US
[2025-11-06 14:05:28Z INFO Listener] UI Culture: en-US
[2025-11-06 14:05:28Z INFO HostContext] Well known directory 'Bin': 'C:\Users\asadi\Desktop\courses\3rdyear\1st sem\MLOps\Asiignments\github-actions-docker-demo\actions-runner\bin'
[2025-11-06 14:05:28Z INFO HostContext] Well known directory 'Root': 'C:\Users\asadi\Desktop\courses\3rdyear\1st sem\MLOps\Asiignments\github-actions-docker-demo\actions-runner'
[2025-11-06 14:05:28Z INFO Listener] Validating directory permissions for: 'C:\Users\asadi\Desktop\courses\3rdyear\1st sem\MLOps\Asiignments\github-actions-docker-demo\actions-runner'
[2025-11-06 14:05:28Z INFO CommandLineParser] Parse
[2025-11-06 14:05:28Z INFO CommandLineParser] Parsing 1 args
[2025-11-06 14:05:28Z INFO CommandLineParser] parsing argument
[2025-11-06 14:05:28Z INFO CommandLineParser] HasArgs: False
[2025-11-06 14:05:28Z INFO CommandLineParser] Adding Command: run
[2025-11-06 14:05:28Z INFO Listener] Arguments parsed
[2025-11-06 14:05:28Z INFO Runner] ExecuteCommand
[2025-11-06 14:05:28Z INFO ConfigurationStore] currentAssemblyLocation: C:\Users\asadi\Desktop\courses\3rdyear\1st sem\MLOps\Asiignments\github-actions-docker-demo\actions-runner\bin\Runner.Listener.dll
[2025-11-06 14:05:28Z INFO HostContext] Well known directory 'Bin': 'C:\Users\asadi\Desktop\courses\3rdyear\1st sem\MLOps\Asiignments\github-actions-docker-demo\actions-runner\bin'
[2025-11-06 14:05:28Z INFO ConfigurationStore] binPath: C:\Users\asadi\Desktop\courses\3rdyear\1st sem\MLOps\Asiignments\github-actions-docker-demo\actions-runner\bin
[2025-11-06 14:05:28Z INFO HostContext] Well known directory 'Bin': 'C:\Users\asadi\Desktop\courses\3rdyear\1st sem\MLOps\Asiignments\github-actions-docker-demo\actions-runner\bin'
[2025-11-06 14:05:28Z INFO HostContext] Well known directory 'Root': 'C:\Users\asadi\Desktop\courses\3rdyear\1st sem\MLOps\Asiignments\github-actions-docker-demo\actions-runner'
[2025-11-06 14:05:28Z INFO ConfigurationStore] RootFolder: C:\Users\asadi\Desktop\courses\3rdyear\1st sem\MLOps\Asiignments\github-actions-docker-demo\actions-runner
[2025-11-06 14:05:28Z INFO HostContext] Well known directory 'Bin': 'C:\Users\asadi\Desktop\courses\3rdyear\1st sem\MLOps\Asiignments\github-actions-docker-demo\actions-runner\bin'
[2025-11-06 14:05:28Z INFO HostContext] Well known directory 'Root': 'C:\Users\asadi\Desktop\courses\3rdyear\1st sem\MLOps\Asiignments\github-actions-docker-demo\actions-runner'
[2025-11-06 14:05:28Z INFO HostContext] Well known config file 'Runner': 'C:\Users\asadi\Desktop\courses\3rdyear\1st sem\MLOps\Asiignments\github-actions-docker-demo\actions-runner\.runner'
[2025-11-06 14:05:28Z INFO ConfigurationStore] ConfigFilePath: C:\Users\asadi\Desktop\courses\3rdyear\1st sem\MLOps\Asiignments\github-actions-docker-demo\actions-runner\.runner
[2025-11-06 14:05:28Z INFO HostContext] Well known directory 'Bin': 'C:\Users\asadi\Desktop\courses\3rdyear\1st sem\MLOps\Asiignments\github-actions-docker-demo\actions-runner\bin'
[2025-11-06 14:05:28Z INFO HostContext] Well known directory 'Root': 'C:\Users\asadi\Desktop\courses\3rdyear\1st sem\MLOps\Asiignments\github-actions-docker-demo\actions-runner'
[2025-11-06 14:05:28Z INFO HostContext] Well known config file 'MigratedRunner': 'C:\Users\asadi\Desktop\courses\3rdyear\1st sem\MLOps\Asiignments\github-actions-docker-demo\actions-runner\.runner_migrated'
[2025-11-06 14:05:28Z INFO ConfigurationStore] MigratedConfigFilePath: C:\Users\asadi\Desktop\courses\3rdyear\1st sem\MLOps\Asiignments\github-actions-docker-demo\actions-runner\.runner_migrated
[2025-11-06 14:05:28Z INFO HostContext] Well known directory 'Bin': 'C:\Users\asadi\Desktop\courses\3rdyear\1st sem\MLOps\Asiignments\github-actions-docker-demo\actions-runner\bin'
[2025-11-06 14:05:28Z INFO HostContext] Well known directory 'Root': 'C:\Users\asadi\Desktop\courses\3rdyear\1st sem\MLOps\Asiignments\github-actions-docker-demo\actions-runner'
[2025-11-06 14:05:28Z INFO HostContext] Well known config file 'Credentials': 'C:\Users\asadi\Desktop\courses\3rdyear\1st sem\MLOps\Asiignments\github-actions-docker-demo\actions-runner\.credentials'
[2025-11-06 14:05:28Z INFO ConfigurationStore] CredFilePath: C:\Users\asadi\Desktop\courses\3rdyear\1st sem\MLOps\Asiignments\github-actions-docker-demo\actions-runner\.credentials
[2025-11-06 14:05:28Z INFO HostContext] Well known directory 'Bin': 'C:\Users\asadi\Desktop\courses\3rdyear\1st sem\MLOps\Asiignments\github-actions-docker-demo\actions-runner\bin'
[2025-11-06 14:05:28Z INFO HostContext] Well known directory 'Root': 'C:\Users\asadi\Desktop\courses\3rdyear\1st sem\MLOps\Asiignments\github-actions-docker-demo\actions-runner'
[2025-11-06 14:05:28Z INFO HostContext] Well known config file 'MigratedCredentials': 'C:\Users\asadi\Desktop\courses\3rdyear\1st sem\MLOps\Asiignments\github-actions-docker-demo\actions-runner\.credentials_migrated'
[2025-11-06 14:05:28Z INFO ConfigurationStore] MigratedCredFilePath: C:\Users\asadi\Desktop\courses\3rdyear\1st sem\MLOps\Asiignments\github-actions-docker-demo\actions-runner\.credentials_migrated
[2025-11-06 14:05:28Z INFO HostContext] Well known directory 'Bin': 'C:\Users\asadi\Desktop\courses\3rdyear\1st sem\MLOps\Asiignments\github-actions-docker-demo\actions-runner\bin'
[2025-11-06 14:05:28Z INFO HostContext] Well known directory 'Root': 'C:\Users\asadi\Desktop\courses\3rdyear\1st sem\MLOps\Asiignments\github-actions-docker-demo\actions-runner'
[2025-11-06 14:05:28Z INFO HostContext] Well known config file 'Service': 'C:\Users\asadi\Desktop\courses\3rdyear\1st sem\MLOps\Asiignments\github-actions-docker-demo\actions-runner\.service'
[2025-11-06 14:05:28Z INFO ConfigurationStore] ServiceConfigFilePath: C:\Users\asadi\Desktop\courses\3rdyear\1st sem\MLOps\Asiignments\github-actions-docker-demo\actions-runner\.service
[2025-11-06 14:05:28Z INFO CommandSettings] Flag 'help': 'False'
[2025-11-06 14:05:28Z INFO CommandSettings] Flag 'version': 'False'
[2025-11-06 14:05:28Z INFO CommandSettings] Flag 'commit': 'False'
[2025-11-06 14:05:28Z INFO CommandSettings] Flag 'check': 'False'
[2025-11-06 14:05:28Z INFO CommandSettings] Command 'configure': 'False'
[2025-11-06 14:05:28Z INFO CommandSettings] Command 'remove': 'False'
[2025-11-06 14:05:28Z INFO CommandSettings] Command 'warmup': 'False'
[2025-11-06 14:05:28Z INFO ConfigurationManager] LoadSettings
[2025-11-06 14:05:28Z INFO ConfigurationStore] IsConfigured()
[2025-11-06 14:05:28Z INFO ConfigurationStore] IsConfigured: True
[2025-11-06 14:05:28Z INFO ConfigurationManager] Is configured: True
[2025-11-06 14:05:28Z INFO ConfigurationStore] Read setting file: 417 chars
[2025-11-06 14:05:28Z INFO ConfigurationManager] Settings Loaded
[2025-11-06 14:05:28Z INFO ConfigurationStore] IsServiceConfigured()
[2025-11-06 14:05:28Z INFO ConfigurationStore] IsServiceConfigured: False
[2025-11-06 14:05:28Z INFO CommandSettings] Command 'run': 'True'
[2025-11-06 14:05:28Z INFO ConfigurationStore] IsConfigured()
[2025-11-06 14:05:28Z INFO ConfigurationStore] IsConfigured: True
[2025-11-06 14:05:28Z INFO ConfigurationManager] Is configured: True
[2025-11-06 14:05:28Z INFO Runner] Could not parse the argument value '' for StartupType. Defaulting to Manual
[2025-11-06 14:05:28Z INFO Runner] Set runner startup type - Manual
[2025-11-06 14:05:28Z INFO CommandSettings] Flag 'once': 'False'
[2025-11-06 14:05:28Z INFO CommandSettings] Flag 'once': 'False'
[2025-11-06 14:05:28Z INFO Runner] RunAsync
[2025-11-06 14:05:28Z INFO ConfigurationManager] LoadMigratedSettings
[2025-11-06 14:05:28Z INFO ConfigurationStore] IsMigratedConfigured()
[2025-11-06 14:05:28Z INFO ConfigurationStore] IsMigratedConfigured: False
[2025-11-06 14:05:28Z INFO Runner] Failed to load migrated settings: No migrated configuration found.
[2025-11-06 14:05:28Z INFO Runner] Falling back to original .runner settings
[2025-11-06 14:05:28Z INFO Runner] Using BrokerMessageListener
[2025-11-06 14:05:29Z INFO BrokerMessageListener] Using provided settings
[2025-11-06 14:05:29Z INFO BrokerMessageListener] {
  "AgentId": 2,
  "AgentName": "DESKTOP-5QEITAM",
  "PoolId": 1,
  "PoolName": "Default",
  "ServerUrl": "https://pipelinesghubeus15.actions.githubusercontent.com/i5kp7pqZtERevUn9z402RyUE0iUEXOMQWPHn9K126eKFV2ug3l/",
  "GitHubUrl": "https://github.com/MahmoudAH97/github-actions-docker-demo",
  "WorkFolder": "_work",
  "UseV2Flow": true,
  "ServerUrlV2": "https://broker.actions.githubusercontent.com/"
}
[2025-11-06 14:05:29Z INFO BrokerMessageListener] Loading Credentials
[2025-11-06 14:05:29Z INFO ConfigurationStore] HasCredentials()
[2025-11-06 14:05:29Z INFO ConfigurationStore] stored True
[2025-11-06 14:05:29Z INFO CredentialManager] GetCredentialProvider
[2025-11-06 14:05:29Z INFO CredentialManager] Creating type OAuth
[2025-11-06 14:05:29Z INFO CredentialManager] Creating credential type: OAuth
[2025-11-06 14:05:29Z INFO HostContext] Well known directory 'Bin': 'C:\Users\asadi\Desktop\courses\3rdyear\1st sem\MLOps\Asiignments\github-actions-docker-demo\actions-runner\bin'
[2025-11-06 14:05:29Z INFO HostContext] Well known directory 'Root': 'C:\Users\asadi\Desktop\courses\3rdyear\1st sem\MLOps\Asiignments\github-actions-docker-demo\actions-runner'
[2025-11-06 14:05:29Z INFO HostContext] Well known config file 'RSACredentials': 'C:\Users\asadi\Desktop\courses\3rdyear\1st sem\MLOps\Asiignments\github-actions-docker-demo\actions-runner\.credentials_rsaparams'
[2025-11-06 14:05:29Z INFO RSAEncryptedFileKeyManager] Loading RSA key parameters from file C:\Users\asadi\Desktop\courses\3rdyear\1st sem\MLOps\Asiignments\github-actions-docker-demo\actions-runner\.credentials_rsaparams
[2025-11-06 14:05:29Z INFO BrokerMessageListener] Attempt to create session.
[2025-11-06 14:05:29Z INFO BrokerMessageListener] Connecting to the Broker Server...
[2025-11-06 14:05:29Z INFO ConfigurationStore] HasCredentials()
[2025-11-06 14:05:29Z INFO ConfigurationStore] stored True
[2025-11-06 14:05:29Z INFO CredentialManager] GetCredentialProvider
[2025-11-06 14:05:29Z INFO CredentialManager] Creating type OAuth
[2025-11-06 14:05:29Z INFO CredentialManager] Creating credential type: OAuth
[2025-11-06 14:05:29Z INFO RSAEncryptedFileKeyManager] Loading RSA key parameters from file C:\Users\asadi\Desktop\courses\3rdyear\1st sem\MLOps\Asiignments\github-actions-docker-demo\actions-runner\.credentials_rsaparams
[2025-11-06 14:05:29Z INFO BrokerMessageListener] VssConnection created
[2025-11-06 14:05:29Z INFO BrokerMessageListener] Connecting to the Runner server...
[2025-11-06 14:05:29Z INFO RunnerServer] EstablishVssConnection
[2025-11-06 14:05:29Z INFO RunnerServer] Establish connection with 100 seconds timeout.
[2025-11-06 14:05:29Z INFO GitHubActionsService] Starting operation Location.GetConnectionData
[2025-11-06 14:05:29Z INFO RunnerServer] EstablishVssConnection
[2025-11-06 14:05:29Z INFO RunnerServer] Establish connection with 60 seconds timeout.
[2025-11-06 14:05:29Z INFO GitHubActionsService] Starting operation Location.GetConnectionData
[2025-11-06 14:05:29Z INFO RunnerServer] EstablishVssConnection
[2025-11-06 14:05:29Z INFO RunnerServer] Establish connection with 60 seconds timeout.
[2025-11-06 14:05:29Z INFO GitHubActionsService] Starting operation Location.GetConnectionData
[2025-11-06 14:05:29Z INFO GitHubActionsService] Finished operation Location.GetConnectionData
[2025-11-06 14:05:29Z INFO GitHubActionsService] Finished operation Location.GetConnectionData
[2025-11-06 14:05:29Z INFO GitHubActionsService] Finished operation Location.GetConnectionData
[2025-11-06 14:05:29Z INFO BrokerMessageListener] VssConnection created
[2025-11-06 14:05:29Z INFO Terminal] WRITE LINE: 
[2025-11-06 14:05:29Z INFO Terminal] WRITE LINE: 
[2025-11-06 14:05:29Z INFO RSAEncryptedFileKeyManager] Loading RSA key parameters from file C:\Users\asadi\Desktop\courses\3rdyear\1st sem\MLOps\Asiignments\github-actions-docker-demo\actions-runner\.credentials_rsaparams
[2025-11-06 14:05:29Z INFO RSAEncryptedFileKeyManager] Loading RSA key parameters from file C:\Users\asadi\Desktop\courses\3rdyear\1st sem\MLOps\Asiignments\github-actions-docker-demo\actions-runner\.credentials_rsaparams
[2025-11-06 14:05:30Z INFO GitHubActionsService] AAD Correlation ID for this token request: Unknown
[2025-11-06 14:05:30Z INFO BrokerMessageListener] Session created.
[2025-11-06 14:05:30Z INFO Terminal] WRITE LINE: Current runner version: '2.329.0'
[2025-11-06 14:05:30Z INFO Terminal] WRITE LINE: 2025-11-06 14:05:30Z: Listening for Jobs
[2025-11-06 14:05:30Z INFO JobDispatcher] Set runner/worker IPC timeout to 30 seconds.
[2025-11-06 14:05:31Z INFO ConfigurationStore] HasCredentials()
[2025-11-06 14:05:31Z INFO ConfigurationStore] stored True
[2025-11-06 14:05:31Z INFO CredentialManager] GetCredentialProvider
[2025-11-06 14:05:31Z INFO CredentialManager] Creating type OAuth
[2025-11-06 14:05:31Z INFO CredentialManager] Creating credential type: OAuth
[2025-11-06 14:05:31Z INFO RSAEncryptedFileKeyManager] Loading RSA key parameters from file C:\Users\asadi\Desktop\courses\3rdyear\1st sem\MLOps\Asiignments\github-actions-docker-demo\actions-runner\.credentials_rsaparams
[2025-11-06 14:05:31Z INFO RSAEncryptedFileKeyManager] Loading RSA key parameters from file C:\Users\asadi\Desktop\courses\3rdyear\1st sem\MLOps\Asiignments\github-actions-docker-demo\actions-runner\.credentials_rsaparams
[2025-11-06 14:05:31Z INFO RSAEncryptedFileKeyManager] Loading RSA key parameters from file C:\Users\asadi\Desktop\courses\3rdyear\1st sem\MLOps\Asiignments\github-actions-docker-demo\actions-runner\.credentials_rsaparams
[2025-11-06 14:05:31Z INFO GitHubActionsService] AAD Correlation ID for this token request: Unknown
[2025-11-06 14:05:32Z INFO JobDispatcher] Job request 0 for plan 9f2ad005-1a3f-4932-a9b0-88f5681b7236 job e53c57a0-899c-5694-a916-19fea2edc19e received.
[2025-11-06 14:05:32Z INFO JobDispatcher] Pull OrchestrationId 9f2ad005-1a3f-4932-a9b0-88f5681b7236.build-and-push.__default from JWT claims
[2025-11-06 14:05:32Z INFO BrokerMessageListener] Received job status event. JobState: Busy
[2025-11-06 14:05:32Z INFO BrokerMessageListener] _getMessagesTokenSource is already disposed.
[2025-11-06 14:05:32Z INFO Terminal] WRITE LINE: 2025-11-06 14:05:32Z: Running job: build-and-push
[2025-11-06 14:05:32Z INFO JobDispatcher] Start renew job request 0 for job e53c57a0-899c-5694-a916-19fea2edc19e.
[2025-11-06 14:05:33Z INFO JobDispatcher] Successfully renew job e53c57a0-899c-5694-a916-19fea2edc19e, job is valid till 11/6/2025 2:15:33 PM
[2025-11-06 14:05:33Z INFO HostContext] Well known directory 'Bin': 'C:\Users\asadi\Desktop\courses\3rdyear\1st sem\MLOps\Asiignments\github-actions-docker-demo\actions-runner\bin'
[2025-11-06 14:05:33Z INFO ProcessInvokerWrapper] Starting process:
[2025-11-06 14:05:33Z INFO ProcessInvokerWrapper]   File name: 'C:\Users\asadi\Desktop\courses\3rdyear\1st sem\MLOps\Asiignments\github-actions-docker-demo\actions-runner\bin\Runner.Worker.exe'
[2025-11-06 14:05:33Z INFO ProcessInvokerWrapper]   Arguments: 'spawnclient 2120 2136'
[2025-11-06 14:05:33Z INFO ProcessInvokerWrapper]   Working directory: 'C:\Users\asadi\Desktop\courses\3rdyear\1st sem\MLOps\Asiignments\github-actions-docker-demo\actions-runner\bin'
[2025-11-06 14:05:33Z INFO ProcessInvokerWrapper]   Require exit code zero: 'False'
[2025-11-06 14:05:33Z INFO ProcessInvokerWrapper]   Encoding web name:  ; code page: ''
[2025-11-06 14:05:33Z INFO ProcessInvokerWrapper]   Force kill process on cancellation: 'True'
[2025-11-06 14:05:33Z INFO ProcessInvokerWrapper]   Redirected STDIN: 'False'
[2025-11-06 14:05:33Z INFO ProcessInvokerWrapper]   Persist current code page: 'False'
[2025-11-06 14:05:33Z INFO ProcessInvokerWrapper]   Keep redirected STDIN open: 'False'
[2025-11-06 14:05:33Z INFO ProcessInvokerWrapper]   High priority process: 'True'
[2025-11-06 14:05:33Z INFO ProcessInvokerWrapper] Process started with process id 544, waiting for process exit.
[2025-11-06 14:05:33Z INFO JobDispatcher] Send job request message to worker for job e53c57a0-899c-5694-a916-19fea2edc19e.
[2025-11-06 14:05:33Z INFO ProcessChannel] Sending message of length 25060, with hash '0c3970c9199b7c6b3d68dcc3e06a8de1fadc6aeacfab019415e7631e4306256d'
[2025-11-06 14:05:33Z INFO JobNotification] Entering JobStarted Notification
[2025-11-06 14:05:33Z INFO JobNotification] Entering StartMonitor
[2025-11-06 14:05:53Z INFO ProcessInvokerWrapper] STDOUT/STDERR stream read finished.
[2025-11-06 14:05:53Z INFO ProcessInvokerWrapper] STDOUT/STDERR stream read finished.
[2025-11-06 14:05:53Z INFO ProcessInvokerWrapper] Finished process 544 with exit code 102, and elapsed time 00:00:20.3205190.
[2025-11-06 14:05:53Z INFO JobDispatcher] Worker finished for job e53c57a0-899c-5694-a916-19fea2edc19e. Code: 102
[2025-11-06 14:05:53Z INFO JobDispatcher] finish job request for job e53c57a0-899c-5694-a916-19fea2edc19e with result: Failed
[2025-11-06 14:05:53Z INFO Terminal] WRITE LINE: 2025-11-06 14:05:53Z: Job build-and-push completed with result: Failed
[2025-11-06 14:05:53Z INFO JobDispatcher] Stop renew job request for job e53c57a0-899c-5694-a916-19fea2edc19e.
[2025-11-06 14:05:53Z INFO JobDispatcher] job renew has been cancelled, stop renew job e53c57a0-899c-5694-a916-19fea2edc19e.
[2025-11-06 14:05:53Z INFO JobNotification] Entering JobCompleted Notification
[2025-11-06 14:05:53Z INFO JobNotification] Entering EndMonitor
[2025-11-06 14:05:53Z INFO BrokerMessageListener] Received job status event. JobState: Online
[2025-11-06 14:05:53Z WARN GitHubActionsService] GET request to https://broker.actions.githubusercontent.com/message?sessionId=8c6caa0f-6955-4355-89e3-433f710461a1&status=Busy&runnerVersion=2.329.0&os=Windows&architecture=X64&disableUpdate=false has been cancelled.
[2025-11-06 14:05:53Z ERR  BrokerServer] Catch exception during request
[2025-11-06 14:05:53Z ERR  BrokerServer] System.Threading.Tasks.TaskCanceledException: The operation was canceled.
 ---> System.Threading.Tasks.TaskCanceledException: The operation was canceled.
 ---> System.IO.IOException: Unable to read data from the transport connection: The I/O operation has been aborted because of either a thread exit or an application request..
 ---> System.Net.Sockets.SocketException (995): The I/O operation has been aborted because of either a thread exit or an application request.
   --- End of inner exception stack trace ---
   at System.Net.Sockets.Socket.AwaitableSocketAsyncEventArgs.ThrowException(SocketError error, CancellationToken cancellationToken)
   at System.Net.Sockets.Socket.AwaitableSocketAsyncEventArgs.System.Threading.Tasks.Sources.IValueTaskSource<System.Int32>.GetResult(Int16 token)
   at System.Net.Security.SslStream.EnsureFullTlsFrameAsync[TIOAdapter](CancellationToken cancellationToken, Int32 estimatedSize)
   at System.Runtime.CompilerServices.PoolingAsyncValueTaskMethodBuilder`1.StateMachineBox`1.System.Threading.Tasks.Sources.IValueTaskSource<TResult>.GetResult(Int16 token)
   at System.Net.Security.SslStream.ReadAsyncInternal[TIOAdapter](Memory`1 buffer, CancellationToken cancellationToken)
   at System.Runtime.CompilerServices.PoolingAsyncValueTaskMethodBuilder`1.StateMachineBox`1.System.Threading.Tasks.Sources.IValueTaskSource<TResult>.GetResult(Int16 token)
   at System.Net.Http.HttpConnection.SendAsync(HttpRequestMessage request, Boolean async, CancellationToken cancellationToken)
   --- End of inner exception stack trace ---
   at System.Net.Http.HttpConnection.SendAsync(HttpRequestMessage request, Boolean async, CancellationToken cancellationToken)
   at System.Net.Http.AuthenticationHelper.SendWithNtAuthAsync(HttpRequestMessage request, Uri authUri, Boolean async, ICredentials credentials, Boolean isProxyAuth, HttpConnection connection, HttpConnectionPool connectionPool, CancellationToken cancellationToken)
   at System.Net.Http.HttpConnectionPool.SendWithVersionDetectionAndRetryAsync(HttpRequestMessage request, Boolean async, Boolean doRequestAuth, CancellationToken cancellationToken)
   at System.Net.Http.AuthenticationHelper.SendWithAuthAsync(HttpRequestMessage request, Uri authUri, Boolean async, ICredentials credentials, Boolean preAuthenticate, Boolean isProxyAuth, Boolean doRequestAuth, HttpConnectionPool pool, CancellationToken cancellationToken)
   at System.Net.Http.RedirectHandler.SendAsync(HttpRequestMessage request, Boolean async, CancellationToken cancellationToken)
   at GitHub.Services.Common.RawHttpMessageHandler.SendAsync(HttpRequestMessage request, CancellationToken cancellationToken)
   at GitHub.Services.Common.VssHttpRetryMessageHandler.SendAsync(HttpRequestMessage request, CancellationToken cancellationToken)
   at System.Net.Http.HttpClient.<SendAsync>g__Core|83_0(HttpRequestMessage request, HttpCompletionOption completionOption, CancellationTokenSource cts, Boolean disposeCts, CancellationTokenSource pendingRequestsCts, CancellationToken originalCancellationToken)
   --- End of inner exception stack trace ---
   at System.Net.Http.HttpClient.HandleFailure(Exception e, Boolean telemetryStarted, HttpResponseMessage response, CancellationTokenSource cts, CancellationToken cancellationToken, CancellationTokenSource pendingRequestsCts)
   at System.Net.Http.HttpClient.<SendAsync>g__Core|83_0(HttpRequestMessage request, HttpCompletionOption completionOption, CancellationTokenSource cts, Boolean disposeCts, CancellationTokenSource pendingRequestsCts, CancellationToken originalCancellationToken)
   at Sdk.WebApi.WebApi.RawHttpClientBase.SendAsync(HttpRequestMessage message, HttpCompletionOption completionOption, Object userState, CancellationToken cancellationToken)
   at Sdk.WebApi.WebApi.RawHttpClientBase.SendAsync[T](HttpRequestMessage message, Boolean readErrorBody, Object userState, CancellationToken cancellationToken)
   at Sdk.WebApi.WebApi.RawHttpClientBase.SendAsync[T](HttpMethod method, IEnumerable`1 additionalHeaders, Uri requestUri, HttpContent content, IEnumerable`1 queryParameters, Boolean readErrorBody, Object userState, CancellationToken cancellationToken)
   at GitHub.Actions.RunService.WebApi.BrokerHttpClient.GetRunnerMessageAsync(Nullable`1 sessionId, String runnerVersion, Nullable`1 status, String os, String architecture, Nullable`1 disableUpdate, CancellationToken cancellationToken)
   at GitHub.Runner.Common.BrokerServer.<>c__DisplayClass7_0.<<GetRunnerMessageAsync>b__0>d.MoveNext()
--- End of stack trace from previous location ---
   at GitHub.Runner.Common.RunnerService.RetryRequest[T](Func`1 func, CancellationToken cancellationToken, Int32 maxAttempts, Func`2 shouldRetry)
[2025-11-06 14:05:53Z ERR  BrokerServer] #####################################################
[2025-11-06 14:05:53Z ERR  BrokerServer] System.Threading.Tasks.TaskCanceledException: The operation was canceled.
 ---> System.IO.IOException: Unable to read data from the transport connection: The I/O operation has been aborted because of either a thread exit or an application request..
 ---> System.Net.Sockets.SocketException (995): The I/O operation has been aborted because of either a thread exit or an application request.
   --- End of inner exception stack trace ---
   at System.Net.Sockets.Socket.AwaitableSocketAsyncEventArgs.ThrowException(SocketError error, CancellationToken cancellationToken)
   at System.Net.Sockets.Socket.AwaitableSocketAsyncEventArgs.System.Threading.Tasks.Sources.IValueTaskSource<System.Int32>.GetResult(Int16 token)
   at System.Net.Security.SslStream.EnsureFullTlsFrameAsync[TIOAdapter](CancellationToken cancellationToken, Int32 estimatedSize)
   at System.Runtime.CompilerServices.PoolingAsyncValueTaskMethodBuilder`1.StateMachineBox`1.System.Threading.Tasks.Sources.IValueTaskSource<TResult>.GetResult(Int16 token)
   at System.Net.Security.SslStream.ReadAsyncInternal[TIOAdapter](Memory`1 buffer, CancellationToken cancellationToken)
   at System.Runtime.CompilerServices.PoolingAsyncValueTaskMethodBuilder`1.StateMachineBox`1.System.Threading.Tasks.Sources.IValueTaskSource<TResult>.GetResult(Int16 token)
   at System.Net.Http.HttpConnection.SendAsync(HttpRequestMessage request, Boolean async, CancellationToken cancellationToken)
   --- End of inner exception stack trace ---
   at System.Net.Http.HttpConnection.SendAsync(HttpRequestMessage request, Boolean async, CancellationToken cancellationToken)
   at System.Net.Http.AuthenticationHelper.SendWithNtAuthAsync(HttpRequestMessage request, Uri authUri, Boolean async, ICredentials credentials, Boolean isProxyAuth, HttpConnection connection, HttpConnectionPool connectionPool, CancellationToken cancellationToken)
   at System.Net.Http.HttpConnectionPool.SendWithVersionDetectionAndRetryAsync(HttpRequestMessage request, Boolean async, Boolean doRequestAuth, CancellationToken cancellationToken)
   at System.Net.Http.AuthenticationHelper.SendWithAuthAsync(HttpRequestMessage request, Uri authUri, Boolean async, ICredentials credentials, Boolean preAuthenticate, Boolean isProxyAuth, Boolean doRequestAuth, HttpConnectionPool pool, CancellationToken cancellationToken)
   at System.Net.Http.RedirectHandler.SendAsync(HttpRequestMessage request, Boolean async, CancellationToken cancellationToken)
   at GitHub.Services.Common.RawHttpMessageHandler.SendAsync(HttpRequestMessage request, CancellationToken cancellationToken)
   at GitHub.Services.Common.VssHttpRetryMessageHandler.SendAsync(HttpRequestMessage request, CancellationToken cancellationToken)
   at System.Net.Http.HttpClient.<SendAsync>g__Core|83_0(HttpRequestMessage request, HttpCompletionOption completionOption, CancellationTokenSource cts, Boolean disposeCts, CancellationTokenSource pendingRequestsCts, CancellationToken originalCancellationToken)
[2025-11-06 14:05:53Z ERR  BrokerServer] #####################################################
[2025-11-06 14:05:53Z ERR  BrokerServer] System.IO.IOException: Unable to read data from the transport connection: The I/O operation has been aborted because of either a thread exit or an application request..
 ---> System.Net.Sockets.SocketException (995): The I/O operation has been aborted because of either a thread exit or an application request.
   --- End of inner exception stack trace ---
   at System.Net.Sockets.Socket.AwaitableSocketAsyncEventArgs.ThrowException(SocketError error, CancellationToken cancellationToken)
   at System.Net.Sockets.Socket.AwaitableSocketAsyncEventArgs.System.Threading.Tasks.Sources.IValueTaskSource<System.Int32>.GetResult(Int16 token)
   at System.Net.Security.SslStream.EnsureFullTlsFrameAsync[TIOAdapter](CancellationToken cancellationToken, Int32 estimatedSize)
   at System.Runtime.CompilerServices.PoolingAsyncValueTaskMethodBuilder`1.StateMachineBox`1.System.Threading.Tasks.Sources.IValueTaskSource<TResult>.GetResult(Int16 token)
   at System.Net.Security.SslStream.ReadAsyncInternal[TIOAdapter](Memory`1 buffer, CancellationToken cancellationToken)
   at System.Runtime.CompilerServices.PoolingAsyncValueTaskMethodBuilder`1.StateMachineBox`1.System.Threading.Tasks.Sources.IValueTaskSource<TResult>.GetResult(Int16 token)
   at System.Net.Http.HttpConnection.SendAsync(HttpRequestMessage request, Boolean async, CancellationToken cancellationToken)
[2025-11-06 14:05:53Z ERR  BrokerServer] #####################################################
[2025-11-06 14:05:53Z ERR  BrokerServer] System.Net.Sockets.SocketException (995): The I/O operation has been aborted because of either a thread exit or an application request.
[2025-11-06 14:05:53Z WARN BrokerServer] Back off 7.771 seconds before next retry. 4 attempt left.
[2025-11-06 14:05:53Z INFO BrokerMessageListener] Get messages has been cancelled using local token source. Continue to get messages with new status.
[2025-11-06 14:10:16Z INFO ConfigurationStore] HasCredentials()
[2025-11-06 14:10:16Z INFO ConfigurationStore] stored True
[2025-11-06 14:10:16Z INFO CredentialManager] GetCredentialProvider
[2025-11-06 14:10:16Z INFO CredentialManager] Creating type OAuth
[2025-11-06 14:10:16Z INFO CredentialManager] Creating credential type: OAuth
[2025-11-06 14:10:16Z INFO RSAEncryptedFileKeyManager] Loading RSA key parameters from file C:\Users\asadi\Desktop\courses\3rdyear\1st sem\MLOps\Asiignments\github-actions-docker-demo\actions-runner\.credentials_rsaparams
[2025-11-06 14:10:16Z INFO RSAEncryptedFileKeyManager] Loading RSA key parameters from file C:\Users\asadi\Desktop\courses\3rdyear\1st sem\MLOps\Asiignments\github-actions-docker-demo\actions-runner\.credentials_rsaparams
[2025-11-06 14:10:16Z INFO RSAEncryptedFileKeyManager] Loading RSA key parameters from file C:\Users\asadi\Desktop\courses\3rdyear\1st sem\MLOps\Asiignments\github-actions-docker-demo\actions-runner\.credentials_rsaparams
[2025-11-06 14:10:17Z INFO GitHubActionsService] AAD Correlation ID for this token request: Unknown
[2025-11-06 14:10:18Z INFO JobDispatcher] Job request 0 for plan d5697ec0-2902-4dbb-8a1d-0f825cff4c50 job 3c804a29-6a9d-5237-9a06-76c098a47111 received.
[2025-11-06 14:10:18Z INFO JobDispatcher] Pull OrchestrationId d5697ec0-2902-4dbb-8a1d-0f825cff4c50.build-and-push.__default from JWT claims
[2025-11-06 14:10:18Z INFO BrokerMessageListener] Received job status event. JobState: Busy
[2025-11-06 14:10:18Z INFO BrokerMessageListener] _getMessagesTokenSource is already disposed.
[2025-11-06 14:10:18Z INFO JobDispatcher] Job request e53c57a0-899c-5694-a916-19fea2edc19e processed succeed.
[2025-11-06 14:10:18Z INFO Terminal] WRITE LINE: 2025-11-06 14:10:18Z: Running job: build-and-push
[2025-11-06 14:10:18Z INFO JobDispatcher] Start renew job request 0 for job 3c804a29-6a9d-5237-9a06-76c098a47111.
[2025-11-06 14:10:19Z INFO JobDispatcher] Successfully renew job 3c804a29-6a9d-5237-9a06-76c098a47111, job is valid till 11/6/2025 2:20:19 PM
[2025-11-06 14:10:19Z INFO HostContext] Well known directory 'Bin': 'C:\Users\asadi\Desktop\courses\3rdyear\1st sem\MLOps\Asiignments\github-actions-docker-demo\actions-runner\bin'
[2025-11-06 14:10:19Z INFO ProcessInvokerWrapper] Starting process:
[2025-11-06 14:10:19Z INFO ProcessInvokerWrapper]   File name: 'C:\Users\asadi\Desktop\courses\3rdyear\1st sem\MLOps\Asiignments\github-actions-docker-demo\actions-runner\bin\Runner.Worker.exe'
[2025-11-06 14:10:19Z INFO ProcessInvokerWrapper]   Arguments: 'spawnclient 1492 2252'
[2025-11-06 14:10:19Z INFO ProcessInvokerWrapper]   Working directory: 'C:\Users\asadi\Desktop\courses\3rdyear\1st sem\MLOps\Asiignments\github-actions-docker-demo\actions-runner\bin'
[2025-11-06 14:10:19Z INFO ProcessInvokerWrapper]   Require exit code zero: 'False'
[2025-11-06 14:10:19Z INFO ProcessInvokerWrapper]   Encoding web name:  ; code page: ''
[2025-11-06 14:10:19Z INFO ProcessInvokerWrapper]   Force kill process on cancellation: 'True'
[2025-11-06 14:10:19Z INFO ProcessInvokerWrapper]   Redirected STDIN: 'False'
[2025-11-06 14:10:19Z INFO ProcessInvokerWrapper]   Persist current code page: 'False'
[2025-11-06 14:10:19Z INFO ProcessInvokerWrapper]   Keep redirected STDIN open: 'False'
[2025-11-06 14:10:19Z INFO ProcessInvokerWrapper]   High priority process: 'True'
[2025-11-06 14:10:19Z INFO ProcessInvokerWrapper] Process started with process id 8464, waiting for process exit.
[2025-11-06 14:10:19Z INFO JobDispatcher] Send job request message to worker for job 3c804a29-6a9d-5237-9a06-76c098a47111.
[2025-11-06 14:10:19Z INFO ProcessChannel] Sending message of length 25138, with hash '57077abccfd391f3179521d093d9a1144d7d7b47f4d070cbcc4c5a506e747dad'
[2025-11-06 14:10:19Z INFO JobNotification] Entering JobStarted Notification
[2025-11-06 14:10:19Z INFO JobNotification] Entering StartMonitor
[2025-11-06 14:10:36Z INFO ProcessInvokerWrapper] STDOUT/STDERR stream read finished.
[2025-11-06 14:10:36Z INFO ProcessInvokerWrapper] STDOUT/STDERR stream read finished.
[2025-11-06 14:10:36Z INFO ProcessInvokerWrapper] Finished process 8464 with exit code 102, and elapsed time 00:00:17.2460442.
[2025-11-06 14:10:36Z INFO JobDispatcher] Worker finished for job 3c804a29-6a9d-5237-9a06-76c098a47111. Code: 102
[2025-11-06 14:10:36Z INFO JobDispatcher] finish job request for job 3c804a29-6a9d-5237-9a06-76c098a47111 with result: Failed
[2025-11-06 14:10:36Z INFO Terminal] WRITE LINE: 2025-11-06 14:10:36Z: Job build-and-push completed with result: Failed
[2025-11-06 14:10:36Z INFO JobDispatcher] Stop renew job request for job 3c804a29-6a9d-5237-9a06-76c098a47111.
[2025-11-06 14:10:36Z INFO JobDispatcher] job renew has been cancelled, stop renew job 3c804a29-6a9d-5237-9a06-76c098a47111.
[2025-11-06 14:10:36Z INFO JobNotification] Entering JobCompleted Notification
[2025-11-06 14:10:36Z INFO JobNotification] Entering EndMonitor
[2025-11-06 14:10:36Z INFO BrokerMessageListener] Received job status event. JobState: Online
[2025-11-06 14:10:36Z WARN GitHubActionsService] GET request to https://broker.actions.githubusercontent.com/message?sessionId=8c6caa0f-6955-4355-89e3-433f710461a1&status=Busy&runnerVersion=2.329.0&os=Windows&architecture=X64&disableUpdate=false has been cancelled.
[2025-11-06 14:10:36Z ERR  BrokerServer] Catch exception during request
[2025-11-06 14:10:36Z ERR  BrokerServer] System.Threading.Tasks.TaskCanceledException: The operation was canceled.
 ---> System.Threading.Tasks.TaskCanceledException: The operation was canceled.
 ---> System.IO.IOException: Unable to read data from the transport connection: The I/O operation has been aborted because of either a thread exit or an application request..
 ---> System.Net.Sockets.SocketException (995): The I/O operation has been aborted because of either a thread exit or an application request.
   --- End of inner exception stack trace ---
   at System.Net.Sockets.Socket.AwaitableSocketAsyncEventArgs.ThrowException(SocketError error, CancellationToken cancellationToken)
   at System.Net.Sockets.Socket.AwaitableSocketAsyncEventArgs.System.Threading.Tasks.Sources.IValueTaskSource<System.Int32>.GetResult(Int16 token)
   at System.Net.Security.SslStream.EnsureFullTlsFrameAsync[TIOAdapter](CancellationToken cancellationToken, Int32 estimatedSize)
   at System.Runtime.CompilerServices.PoolingAsyncValueTaskMethodBuilder`1.StateMachineBox`1.System.Threading.Tasks.Sources.IValueTaskSource<TResult>.GetResult(Int16 token)
   at System.Net.Security.SslStream.ReadAsyncInternal[TIOAdapter](Memory`1 buffer, CancellationToken cancellationToken)
   at System.Runtime.CompilerServices.PoolingAsyncValueTaskMethodBuilder`1.StateMachineBox`1.System.Threading.Tasks.Sources.IValueTaskSource<TResult>.GetResult(Int16 token)
   at System.Net.Http.HttpConnection.SendAsync(HttpRequestMessage request, Boolean async, CancellationToken cancellationToken)
   --- End of inner exception stack trace ---
   at System.Net.Http.HttpConnection.SendAsync(HttpRequestMessage request, Boolean async, CancellationToken cancellationToken)
   at System.Net.Http.AuthenticationHelper.SendWithNtAuthAsync(HttpRequestMessage request, Uri authUri, Boolean async, ICredentials credentials, Boolean isProxyAuth, HttpConnection connection, HttpConnectionPool connectionPool, CancellationToken cancellationToken)
   at System.Net.Http.HttpConnectionPool.SendWithVersionDetectionAndRetryAsync(HttpRequestMessage request, Boolean async, Boolean doRequestAuth, CancellationToken cancellationToken)
   at System.Net.Http.AuthenticationHelper.SendWithAuthAsync(HttpRequestMessage request, Uri authUri, Boolean async, ICredentials credentials, Boolean preAuthenticate, Boolean isProxyAuth, Boolean doRequestAuth, HttpConnectionPool pool, CancellationToken cancellationToken)
   at System.Net.Http.RedirectHandler.SendAsync(HttpRequestMessage request, Boolean async, CancellationToken cancellationToken)
   at GitHub.Services.Common.RawHttpMessageHandler.SendAsync(HttpRequestMessage request, CancellationToken cancellationToken)
   at GitHub.Services.Common.VssHttpRetryMessageHandler.SendAsync(HttpRequestMessage request, CancellationToken cancellationToken)
   at System.Net.Http.HttpClient.<SendAsync>g__Core|83_0(HttpRequestMessage request, HttpCompletionOption completionOption, CancellationTokenSource cts, Boolean disposeCts, CancellationTokenSource pendingRequestsCts, CancellationToken originalCancellationToken)
   --- End of inner exception stack trace ---
   at System.Net.Http.HttpClient.HandleFailure(Exception e, Boolean telemetryStarted, HttpResponseMessage response, CancellationTokenSource cts, CancellationToken cancellationToken, CancellationTokenSource pendingRequestsCts)
   at System.Net.Http.HttpClient.<SendAsync>g__Core|83_0(HttpRequestMessage request, HttpCompletionOption completionOption, CancellationTokenSource cts, Boolean disposeCts, CancellationTokenSource pendingRequestsCts, CancellationToken originalCancellationToken)
   at Sdk.WebApi.WebApi.RawHttpClientBase.SendAsync(HttpRequestMessage message, HttpCompletionOption completionOption, Object userState, CancellationToken cancellationToken)
   at Sdk.WebApi.WebApi.RawHttpClientBase.SendAsync[T](HttpRequestMessage message, Boolean readErrorBody, Object userState, CancellationToken cancellationToken)
   at Sdk.WebApi.WebApi.RawHttpClientBase.SendAsync[T](HttpMethod method, IEnumerable`1 additionalHeaders, Uri requestUri, HttpContent content, IEnumerable`1 queryParameters, Boolean readErrorBody, Object userState, CancellationToken cancellationToken)
   at GitHub.Actions.RunService.WebApi.BrokerHttpClient.GetRunnerMessageAsync(Nullable`1 sessionId, String runnerVersion, Nullable`1 status, String os, String architecture, Nullable`1 disableUpdate, CancellationToken cancellationToken)
   at GitHub.Runner.Common.BrokerServer.<>c__DisplayClass7_0.<<GetRunnerMessageAsync>b__0>d.MoveNext()
--- End of stack trace from previous location ---
   at GitHub.Runner.Common.RunnerService.RetryRequest[T](Func`1 func, CancellationToken cancellationToken, Int32 maxAttempts, Func`2 shouldRetry)
[2025-11-06 14:10:36Z ERR  BrokerServer] #####################################################
[2025-11-06 14:10:36Z ERR  BrokerServer] System.Threading.Tasks.TaskCanceledException: The operation was canceled.
 ---> System.IO.IOException: Unable to read data from the transport connection: The I/O operation has been aborted because of either a thread exit or an application request..
 ---> System.Net.Sockets.SocketException (995): The I/O operation has been aborted because of either a thread exit or an application request.
   --- End of inner exception stack trace ---
   at System.Net.Sockets.Socket.AwaitableSocketAsyncEventArgs.ThrowException(SocketError error, CancellationToken cancellationToken)
   at System.Net.Sockets.Socket.AwaitableSocketAsyncEventArgs.System.Threading.Tasks.Sources.IValueTaskSource<System.Int32>.GetResult(Int16 token)
   at System.Net.Security.SslStream.EnsureFullTlsFrameAsync[TIOAdapter](CancellationToken cancellationToken, Int32 estimatedSize)
   at System.Runtime.CompilerServices.PoolingAsyncValueTaskMethodBuilder`1.StateMachineBox`1.System.Threading.Tasks.Sources.IValueTaskSource<TResult>.GetResult(Int16 token)
   at System.Net.Security.SslStream.ReadAsyncInternal[TIOAdapter](Memory`1 buffer, CancellationToken cancellationToken)
   at System.Runtime.CompilerServices.PoolingAsyncValueTaskMethodBuilder`1.StateMachineBox`1.System.Threading.Tasks.Sources.IValueTaskSource<TResult>.GetResult(Int16 token)
   at System.Net.Http.HttpConnection.SendAsync(HttpRequestMessage request, Boolean async, CancellationToken cancellationToken)
   --- End of inner exception stack trace ---
   at System.Net.Http.HttpConnection.SendAsync(HttpRequestMessage request, Boolean async, CancellationToken cancellationToken)
   at System.Net.Http.AuthenticationHelper.SendWithNtAuthAsync(HttpRequestMessage request, Uri authUri, Boolean async, ICredentials credentials, Boolean isProxyAuth, HttpConnection connection, HttpConnectionPool connectionPool, CancellationToken cancellationToken)
   at System.Net.Http.HttpConnectionPool.SendWithVersionDetectionAndRetryAsync(HttpRequestMessage request, Boolean async, Boolean doRequestAuth, CancellationToken cancellationToken)
   at System.Net.Http.AuthenticationHelper.SendWithAuthAsync(HttpRequestMessage request, Uri authUri, Boolean async, ICredentials credentials, Boolean preAuthenticate, Boolean isProxyAuth, Boolean doRequestAuth, HttpConnectionPool pool, CancellationToken cancellationToken)
   at System.Net.Http.RedirectHandler.SendAsync(HttpRequestMessage request, Boolean async, CancellationToken cancellationToken)
   at GitHub.Services.Common.RawHttpMessageHandler.SendAsync(HttpRequestMessage request, CancellationToken cancellationToken)
   at GitHub.Services.Common.VssHttpRetryMessageHandler.SendAsync(HttpRequestMessage request, CancellationToken cancellationToken)
   at System.Net.Http.HttpClient.<SendAsync>g__Core|83_0(HttpRequestMessage request, HttpCompletionOption completionOption, CancellationTokenSource cts, Boolean disposeCts, CancellationTokenSource pendingRequestsCts, CancellationToken originalCancellationToken)
[2025-11-06 14:10:36Z ERR  BrokerServer] #####################################################
[2025-11-06 14:10:36Z ERR  BrokerServer] System.IO.IOException: Unable to read data from the transport connection: The I/O operation has been aborted because of either a thread exit or an application request..
 ---> System.Net.Sockets.SocketException (995): The I/O operation has been aborted because of either a thread exit or an application request.
   --- End of inner exception stack trace ---
   at System.Net.Sockets.Socket.AwaitableSocketAsyncEventArgs.ThrowException(SocketError error, CancellationToken cancellationToken)
   at System.Net.Sockets.Socket.AwaitableSocketAsyncEventArgs.System.Threading.Tasks.Sources.IValueTaskSource<System.Int32>.GetResult(Int16 token)
   at System.Net.Security.SslStream.EnsureFullTlsFrameAsync[TIOAdapter](CancellationToken cancellationToken, Int32 estimatedSize)
   at System.Runtime.CompilerServices.PoolingAsyncValueTaskMethodBuilder`1.StateMachineBox`1.System.Threading.Tasks.Sources.IValueTaskSource<TResult>.GetResult(Int16 token)
   at System.Net.Security.SslStream.ReadAsyncInternal[TIOAdapter](Memory`1 buffer, CancellationToken cancellationToken)
   at System.Runtime.CompilerServices.PoolingAsyncValueTaskMethodBuilder`1.StateMachineBox`1.System.Threading.Tasks.Sources.IValueTaskSource<TResult>.GetResult(Int16 token)
   at System.Net.Http.HttpConnection.SendAsync(HttpRequestMessage request, Boolean async, CancellationToken cancellationToken)
[2025-11-06 14:10:36Z ERR  BrokerServer] #####################################################
[2025-11-06 14:10:36Z ERR  BrokerServer] System.Net.Sockets.SocketException (995): The I/O operation has been aborted because of either a thread exit or an application request.
[2025-11-06 14:10:36Z WARN BrokerServer] Back off 11.353 seconds before next retry. 4 attempt left.
[2025-11-06 14:10:36Z INFO BrokerMessageListener] Get messages has been cancelled using local token source. Continue to get messages with new status.
[2025-11-06 14:14:32Z INFO Terminal] WRITE LINE: Exiting...
[2025-11-06 14:14:32Z INFO ConfigurationStore] IsServiceConfigured()
[2025-11-06 14:14:32Z INFO ConfigurationStore] IsServiceConfigured: False
[2025-11-06 14:14:32Z INFO HostContext] Runner will be shutdown for UserCancelled
[2025-11-06 14:14:32Z WARN GitHubActionsService] GET request to https://broker.actions.githubusercontent.com/message?sessionId=8c6caa0f-6955-4355-89e3-433f710461a1&status=Online&runnerVersion=2.329.0&os=Windows&architecture=X64&disableUpdate=false has been cancelled.
[2025-11-06 14:14:32Z ERR  BrokerServer] Catch exception during request
[2025-11-06 14:14:32Z ERR  BrokerServer] System.Threading.Tasks.TaskCanceledException: The operation was canceled.
 ---> System.Threading.Tasks.TaskCanceledException: The operation was canceled.
 ---> System.IO.IOException: Unable to read data from the transport connection: The I/O operation has been aborted because of either a thread exit or an application request..
 ---> System.Net.Sockets.SocketException (995): The I/O operation has been aborted because of either a thread exit or an application request.
   --- End of inner exception stack trace ---
   at System.Net.Sockets.Socket.AwaitableSocketAsyncEventArgs.ThrowException(SocketError error, CancellationToken cancellationToken)
   at System.Net.Sockets.Socket.AwaitableSocketAsyncEventArgs.System.Threading.Tasks.Sources.IValueTaskSource<System.Int32>.GetResult(Int16 token)
   at System.Net.Security.SslStream.EnsureFullTlsFrameAsync[TIOAdapter](CancellationToken cancellationToken, Int32 estimatedSize)
   at System.Runtime.CompilerServices.PoolingAsyncValueTaskMethodBuilder`1.StateMachineBox`1.System.Threading.Tasks.Sources.IValueTaskSource<TResult>.GetResult(Int16 token)
   at System.Net.Security.SslStream.ReadAsyncInternal[TIOAdapter](Memory`1 buffer, CancellationToken cancellationToken)
   at System.Runtime.CompilerServices.PoolingAsyncValueTaskMethodBuilder`1.StateMachineBox`1.System.Threading.Tasks.Sources.IValueTaskSource<TResult>.GetResult(Int16 token)
   at System.Net.Http.HttpConnection.SendAsync(HttpRequestMessage request, Boolean async, CancellationToken cancellationToken)
   --- End of inner exception stack trace ---
   at System.Net.Http.HttpConnection.SendAsync(HttpRequestMessage request, Boolean async, CancellationToken cancellationToken)
   at System.Net.Http.AuthenticationHelper.SendWithNtAuthAsync(HttpRequestMessage request, Uri authUri, Boolean async, ICredentials credentials, Boolean isProxyAuth, HttpConnection connection, HttpConnectionPool connectionPool, CancellationToken cancellationToken)
   at System.Net.Http.HttpConnectionPool.SendWithVersionDetectionAndRetryAsync(HttpRequestMessage request, Boolean async, Boolean doRequestAuth, CancellationToken cancellationToken)
   at System.Net.Http.AuthenticationHelper.SendWithAuthAsync(HttpRequestMessage request, Uri authUri, Boolean async, ICredentials credentials, Boolean preAuthenticate, Boolean isProxyAuth, Boolean doRequestAuth, HttpConnectionPool pool, CancellationToken cancellationToken)
   at System.Net.Http.RedirectHandler.SendAsync(HttpRequestMessage request, Boolean async, CancellationToken cancellationToken)
   at GitHub.Services.Common.RawHttpMessageHandler.SendAsync(HttpRequestMessage request, CancellationToken cancellationToken)
   at GitHub.Services.Common.VssHttpRetryMessageHandler.SendAsync(HttpRequestMessage request, CancellationToken cancellationToken)
   at System.Net.Http.HttpClient.<SendAsync>g__Core|83_0(HttpRequestMessage request, HttpCompletionOption completionOption, CancellationTokenSource cts, Boolean disposeCts, CancellationTokenSource pendingRequestsCts, CancellationToken originalCancellationToken)
   --- End of inner exception stack trace ---
   at System.Net.Http.HttpClient.HandleFailure(Exception e, Boolean telemetryStarted, HttpResponseMessage response, CancellationTokenSource cts, CancellationToken cancellationToken, CancellationTokenSource pendingRequestsCts)
   at System.Net.Http.HttpClient.<SendAsync>g__Core|83_0(HttpRequestMessage request, HttpCompletionOption completionOption, CancellationTokenSource cts, Boolean disposeCts, CancellationTokenSource pendingRequestsCts, CancellationToken originalCancellationToken)
   at Sdk.WebApi.WebApi.RawHttpClientBase.SendAsync(HttpRequestMessage message, HttpCompletionOption completionOption, Object userState, CancellationToken cancellationToken)
   at Sdk.WebApi.WebApi.RawHttpClientBase.SendAsync[T](HttpRequestMessage message, Boolean readErrorBody, Object userState, CancellationToken cancellationToken)
   at Sdk.WebApi.WebApi.RawHttpClientBase.SendAsync[T](HttpMethod method, IEnumerable`1 additionalHeaders, Uri requestUri, HttpContent content, IEnumerable`1 queryParameters, Boolean readErrorBody, Object userState, CancellationToken cancellationToken)
   at GitHub.Actions.RunService.WebApi.BrokerHttpClient.GetRunnerMessageAsync(Nullable`1 sessionId, String runnerVersion, Nullable`1 status, String os, String architecture, Nullable`1 disableUpdate, CancellationToken cancellationToken)
   at GitHub.Runner.Common.BrokerServer.<>c__DisplayClass7_0.<<GetRunnerMessageAsync>b__0>d.MoveNext()
--- End of stack trace from previous location ---
   at GitHub.Runner.Common.RunnerService.RetryRequest[T](Func`1 func, CancellationToken cancellationToken, Int32 maxAttempts, Func`2 shouldRetry)
[2025-11-06 14:14:32Z ERR  BrokerServer] #####################################################
[2025-11-06 14:14:32Z ERR  BrokerServer] System.Threading.Tasks.TaskCanceledException: The operation was canceled.
 ---> System.IO.IOException: Unable to read data from the transport connection: The I/O operation has been aborted because of either a thread exit or an application request..
 ---> System.Net.Sockets.SocketException (995): The I/O operation has been aborted because of either a thread exit or an application request.
   --- End of inner exception stack trace ---
   at System.Net.Sockets.Socket.AwaitableSocketAsyncEventArgs.ThrowException(SocketError error, CancellationToken cancellationToken)
   at System.Net.Sockets.Socket.AwaitableSocketAsyncEventArgs.System.Threading.Tasks.Sources.IValueTaskSource<System.Int32>.GetResult(Int16 token)
   at System.Net.Security.SslStream.EnsureFullTlsFrameAsync[TIOAdapter](CancellationToken cancellationToken, Int32 estimatedSize)
   at System.Runtime.CompilerServices.PoolingAsyncValueTaskMethodBuilder`1.StateMachineBox`1.System.Threading.Tasks.Sources.IValueTaskSource<TResult>.GetResult(Int16 token)
   at System.Net.Security.SslStream.ReadAsyncInternal[TIOAdapter](Memory`1 buffer, CancellationToken cancellationToken)
   at System.Runtime.CompilerServices.PoolingAsyncValueTaskMethodBuilder`1.StateMachineBox`1.System.Threading.Tasks.Sources.IValueTaskSource<TResult>.GetResult(Int16 token)
   at System.Net.Http.HttpConnection.SendAsync(HttpRequestMessage request, Boolean async, CancellationToken cancellationToken)
   --- End of inner exception stack trace ---
   at System.Net.Http.HttpConnection.SendAsync(HttpRequestMessage request, Boolean async, CancellationToken cancellationToken)
   at System.Net.Http.AuthenticationHelper.SendWithNtAuthAsync(HttpRequestMessage request, Uri authUri, Boolean async, ICredentials credentials, Boolean isProxyAuth, HttpConnection connection, HttpConnectionPool connectionPool, CancellationToken cancellationToken)
   at System.Net.Http.HttpConnectionPool.SendWithVersionDetectionAndRetryAsync(HttpRequestMessage request, Boolean async, Boolean doRequestAuth, CancellationToken cancellationToken)
   at System.Net.Http.AuthenticationHelper.SendWithAuthAsync(HttpRequestMessage request, Uri authUri, Boolean async, ICredentials credentials, Boolean preAuthenticate, Boolean isProxyAuth, Boolean doRequestAuth, HttpConnectionPool pool, CancellationToken cancellationToken)
   at System.Net.Http.RedirectHandler.SendAsync(HttpRequestMessage request, Boolean async, CancellationToken cancellationToken)
   at GitHub.Services.Common.RawHttpMessageHandler.SendAsync(HttpRequestMessage request, CancellationToken cancellationToken)
   at GitHub.Services.Common.VssHttpRetryMessageHandler.SendAsync(HttpRequestMessage request, CancellationToken cancellationToken)
   at System.Net.Http.HttpClient.<SendAsync>g__Core|83_0(HttpRequestMessage request, HttpCompletionOption completionOption, CancellationTokenSource cts, Boolean disposeCts, CancellationTokenSource pendingRequestsCts, CancellationToken originalCancellationToken)
[2025-11-06 14:14:32Z ERR  BrokerServer] #####################################################
[2025-11-06 14:14:32Z ERR  BrokerServer] System.IO.IOException: Unable to read data from the transport connection: The I/O operation has been aborted because of either a thread exit or an application request..
 ---> System.Net.Sockets.SocketException (995): The I/O operation has been aborted because of either a thread exit or an application request.
   --- End of inner exception stack trace ---
   at System.Net.Sockets.Socket.AwaitableSocketAsyncEventArgs.ThrowException(SocketError error, CancellationToken cancellationToken)
   at System.Net.Sockets.Socket.AwaitableSocketAsyncEventArgs.System.Threading.Tasks.Sources.IValueTaskSource<System.Int32>.GetResult(Int16 token)
   at System.Net.Security.SslStream.EnsureFullTlsFrameAsync[TIOAdapter](CancellationToken cancellationToken, Int32 estimatedSize)
   at System.Runtime.CompilerServices.PoolingAsyncValueTaskMethodBuilder`1.StateMachineBox`1.System.Threading.Tasks.Sources.IValueTaskSource<TResult>.GetResult(Int16 token)
   at System.Net.Security.SslStream.ReadAsyncInternal[TIOAdapter](Memory`1 buffer, CancellationToken cancellationToken)
   at System.Runtime.CompilerServices.PoolingAsyncValueTaskMethodBuilder`1.StateMachineBox`1.System.Threading.Tasks.Sources.IValueTaskSource<TResult>.GetResult(Int16 token)
   at System.Net.Http.HttpConnection.SendAsync(HttpRequestMessage request, Boolean async, CancellationToken cancellationToken)
[2025-11-06 14:14:32Z ERR  BrokerServer] #####################################################
[2025-11-06 14:14:32Z ERR  BrokerServer] System.Net.Sockets.SocketException (995): The I/O operation has been aborted because of either a thread exit or an application request.
[2025-11-06 14:14:32Z WARN BrokerServer] Back off 5.007 seconds before next retry. 4 attempt left.
[2025-11-06 14:14:32Z INFO BrokerMessageListener] Get next message has been cancelled.
[2025-11-06 14:14:32Z INFO JobDispatcher] Shutting down JobDispatcher. Make sure all WorkerDispatcher has finished.
[2025-11-06 14:14:32Z INFO JobDispatcher] Ensure WorkerDispatcher for job 3c804a29-6a9d-5237-9a06-76c098a47111 run to finish, cancel any running job.
[2025-11-06 14:14:32Z INFO JobDispatcher] Job request 3c804a29-6a9d-5237-9a06-76c098a47111 processed succeed.
[2025-11-06 14:14:32Z INFO Runner] Deleting Runner Session...
[2025-11-06 14:14:33Z INFO Terminal] WRITE LINE: Exiting...
[2025-11-06 14:14:33Z INFO ConfigurationStore] IsServiceConfigured()
[2025-11-06 14:14:33Z INFO ConfigurationStore] IsServiceConfigured: False
[2025-11-06 14:14:33Z INFO HostContext] Runner will be shutdown for UserCancelled
[2025-11-06 14:14:33Z INFO Terminal] WRITE LINE: Exiting...
[2025-11-06 14:14:33Z INFO ConfigurationStore] IsServiceConfigured()
[2025-11-06 14:14:33Z INFO ConfigurationStore] IsServiceConfigured: False
[2025-11-06 14:14:33Z INFO HostContext] Runner will be shutdown for UserCancelled
[2025-11-06 14:14:33Z INFO Listener] Runner execution been cancelled.
