[2025-11-06 13:48:49Z INFO HostContext] No proxy settings were found based on environmental variables (http_proxy/https_proxy/HTTP_PROXY/HTTPS_PROXY)
[2025-11-06 13:48:49Z INFO HostContext] Well known directory 'Bin': 'C:\Users\asadi\Desktop\courses\3rdyear\1st sem\MLOps\Asiignments\github-actions-docker-demo\actions-runner\bin'
[2025-11-06 13:48:49Z INFO HostContext] Well known directory 'Root': 'C:\Users\asadi\Desktop\courses\3rdyear\1st sem\MLOps\Asiignments\github-actions-docker-demo\actions-runner'
[2025-11-06 13:48:49Z INFO HostContext] Well known config file 'Credentials': 'C:\Users\asadi\Desktop\courses\3rdyear\1st sem\MLOps\Asiignments\github-actions-docker-demo\actions-runner\.credentials'
[2025-11-06 13:48:49Z INFO HostContext] Well known directory 'Bin': 'C:\Users\asadi\Desktop\courses\3rdyear\1st sem\MLOps\Asiignments\github-actions-docker-demo\actions-runner\bin'
[2025-11-06 13:48:49Z INFO HostContext] Well known directory 'Root': 'C:\Users\asadi\Desktop\courses\3rdyear\1st sem\MLOps\Asiignments\github-actions-docker-demo\actions-runner'
[2025-11-06 13:48:49Z INFO HostContext] Well known config file 'Runner': 'C:\Users\asadi\Desktop\courses\3rdyear\1st sem\MLOps\Asiignments\github-actions-docker-demo\actions-runner\.runner'
[2025-11-06 13:48:49Z INFO Listener] Runner is built for Windows (X64) - win-x64.
[2025-11-06 13:48:49Z INFO Listener] RuntimeInformation: Microsoft Windows 10.0.19045.
[2025-11-06 13:48:49Z INFO Listener] Version: 2.329.0
[2025-11-06 13:48:49Z INFO Listener] Commit: c76c59996c8fa32e989164a5a695efb12608ae5a
[2025-11-06 13:48:49Z INFO Listener] Culture: en-US
[2025-11-06 13:48:49Z INFO Listener] UI Culture: en-US
[2025-11-06 13:48:49Z INFO HostContext] Well known directory 'Bin': 'C:\Users\asadi\Desktop\courses\3rdyear\1st sem\MLOps\Asiignments\github-actions-docker-demo\actions-runner\bin'
[2025-11-06 13:48:49Z INFO HostContext] Well known directory 'Root': 'C:\Users\asadi\Desktop\courses\3rdyear\1st sem\MLOps\Asiignments\github-actions-docker-demo\actions-runner'
[2025-11-06 13:48:49Z INFO Listener] Validating directory permissions for: 'C:\Users\asadi\Desktop\courses\3rdyear\1st sem\MLOps\Asiignments\github-actions-docker-demo\actions-runner'
[2025-11-06 13:48:49Z INFO CommandLineParser] Parse
[2025-11-06 13:48:49Z INFO CommandLineParser] Parsing 1 args
[2025-11-06 13:48:49Z INFO CommandLineParser] parsing argument
[2025-11-06 13:48:49Z INFO CommandLineParser] HasArgs: False
[2025-11-06 13:48:49Z INFO CommandLineParser] Adding Command: run
[2025-11-06 13:48:49Z INFO Listener] Arguments parsed
[2025-11-06 13:48:49Z INFO Runner] ExecuteCommand
[2025-11-06 13:48:49Z INFO ConfigurationStore] currentAssemblyLocation: C:\Users\asadi\Desktop\courses\3rdyear\1st sem\MLOps\Asiignments\github-actions-docker-demo\actions-runner\bin\Runner.Listener.dll
[2025-11-06 13:48:49Z INFO HostContext] Well known directory 'Bin': 'C:\Users\asadi\Desktop\courses\3rdyear\1st sem\MLOps\Asiignments\github-actions-docker-demo\actions-runner\bin'
[2025-11-06 13:48:49Z INFO ConfigurationStore] binPath: C:\Users\asadi\Desktop\courses\3rdyear\1st sem\MLOps\Asiignments\github-actions-docker-demo\actions-runner\bin
[2025-11-06 13:48:49Z INFO HostContext] Well known directory 'Bin': 'C:\Users\asadi\Desktop\courses\3rdyear\1st sem\MLOps\Asiignments\github-actions-docker-demo\actions-runner\bin'
[2025-11-06 13:48:49Z INFO HostContext] Well known directory 'Root': 'C:\Users\asadi\Desktop\courses\3rdyear\1st sem\MLOps\Asiignments\github-actions-docker-demo\actions-runner'
[2025-11-06 13:48:49Z INFO ConfigurationStore] RootFolder: C:\Users\asadi\Desktop\courses\3rdyear\1st sem\MLOps\Asiignments\github-actions-docker-demo\actions-runner
[2025-11-06 13:48:49Z INFO HostContext] Well known directory 'Bin': 'C:\Users\asadi\Desktop\courses\3rdyear\1st sem\MLOps\Asiignments\github-actions-docker-demo\actions-runner\bin'
[2025-11-06 13:48:49Z INFO HostContext] Well known directory 'Root': 'C:\Users\asadi\Desktop\courses\3rdyear\1st sem\MLOps\Asiignments\github-actions-docker-demo\actions-runner'
[2025-11-06 13:48:49Z INFO HostContext] Well known config file 'Runner': 'C:\Users\asadi\Desktop\courses\3rdyear\1st sem\MLOps\Asiignments\github-actions-docker-demo\actions-runner\.runner'
[2025-11-06 13:48:49Z INFO ConfigurationStore] ConfigFilePath: C:\Users\asadi\Desktop\courses\3rdyear\1st sem\MLOps\Asiignments\github-actions-docker-demo\actions-runner\.runner
[2025-11-06 13:48:49Z INFO HostContext] Well known directory 'Bin': 'C:\Users\asadi\Desktop\courses\3rdyear\1st sem\MLOps\Asiignments\github-actions-docker-demo\actions-runner\bin'
[2025-11-06 13:48:49Z INFO HostContext] Well known directory 'Root': 'C:\Users\asadi\Desktop\courses\3rdyear\1st sem\MLOps\Asiignments\github-actions-docker-demo\actions-runner'
[2025-11-06 13:48:49Z INFO HostContext] Well known config file 'MigratedRunner': 'C:\Users\asadi\Desktop\courses\3rdyear\1st sem\MLOps\Asiignments\github-actions-docker-demo\actions-runner\.runner_migrated'
[2025-11-06 13:48:49Z INFO ConfigurationStore] MigratedConfigFilePath: C:\Users\asadi\Desktop\courses\3rdyear\1st sem\MLOps\Asiignments\github-actions-docker-demo\actions-runner\.runner_migrated
[2025-11-06 13:48:49Z INFO HostContext] Well known directory 'Bin': 'C:\Users\asadi\Desktop\courses\3rdyear\1st sem\MLOps\Asiignments\github-actions-docker-demo\actions-runner\bin'
[2025-11-06 13:48:49Z INFO HostContext] Well known directory 'Root': 'C:\Users\asadi\Desktop\courses\3rdyear\1st sem\MLOps\Asiignments\github-actions-docker-demo\actions-runner'
[2025-11-06 13:48:49Z INFO HostContext] Well known config file 'Credentials': 'C:\Users\asadi\Desktop\courses\3rdyear\1st sem\MLOps\Asiignments\github-actions-docker-demo\actions-runner\.credentials'
[2025-11-06 13:48:49Z INFO ConfigurationStore] CredFilePath: C:\Users\asadi\Desktop\courses\3rdyear\1st sem\MLOps\Asiignments\github-actions-docker-demo\actions-runner\.credentials
[2025-11-06 13:48:49Z INFO HostContext] Well known directory 'Bin': 'C:\Users\asadi\Desktop\courses\3rdyear\1st sem\MLOps\Asiignments\github-actions-docker-demo\actions-runner\bin'
[2025-11-06 13:48:49Z INFO HostContext] Well known directory 'Root': 'C:\Users\asadi\Desktop\courses\3rdyear\1st sem\MLOps\Asiignments\github-actions-docker-demo\actions-runner'
[2025-11-06 13:48:49Z INFO HostContext] Well known config file 'MigratedCredentials': 'C:\Users\asadi\Desktop\courses\3rdyear\1st sem\MLOps\Asiignments\github-actions-docker-demo\actions-runner\.credentials_migrated'
[2025-11-06 13:48:49Z INFO ConfigurationStore] MigratedCredFilePath: C:\Users\asadi\Desktop\courses\3rdyear\1st sem\MLOps\Asiignments\github-actions-docker-demo\actions-runner\.credentials_migrated
[2025-11-06 13:48:49Z INFO HostContext] Well known directory 'Bin': 'C:\Users\asadi\Desktop\courses\3rdyear\1st sem\MLOps\Asiignments\github-actions-docker-demo\actions-runner\bin'
[2025-11-06 13:48:49Z INFO HostContext] Well known directory 'Root': 'C:\Users\asadi\Desktop\courses\3rdyear\1st sem\MLOps\Asiignments\github-actions-docker-demo\actions-runner'
[2025-11-06 13:48:49Z INFO HostContext] Well known config file 'Service': 'C:\Users\asadi\Desktop\courses\3rdyear\1st sem\MLOps\Asiignments\github-actions-docker-demo\actions-runner\.service'
[2025-11-06 13:48:49Z INFO ConfigurationStore] ServiceConfigFilePath: C:\Users\asadi\Desktop\courses\3rdyear\1st sem\MLOps\Asiignments\github-actions-docker-demo\actions-runner\.service
[2025-11-06 13:48:49Z INFO CommandSettings] Flag 'help': 'False'
[2025-11-06 13:48:49Z INFO CommandSettings] Flag 'version': 'False'
[2025-11-06 13:48:49Z INFO CommandSettings] Flag 'commit': 'False'
[2025-11-06 13:48:49Z INFO CommandSettings] Flag 'check': 'False'
[2025-11-06 13:48:49Z INFO CommandSettings] Command 'configure': 'False'
[2025-11-06 13:48:49Z INFO CommandSettings] Command 'remove': 'False'
[2025-11-06 13:48:49Z INFO CommandSettings] Command 'warmup': 'False'
[2025-11-06 13:48:49Z INFO ConfigurationManager] LoadSettings
[2025-11-06 13:48:49Z INFO ConfigurationStore] IsConfigured()
[2025-11-06 13:48:49Z INFO ConfigurationStore] IsConfigured: True
[2025-11-06 13:48:49Z INFO ConfigurationManager] Is configured: True
[2025-11-06 13:48:49Z INFO ConfigurationStore] Read setting file: 417 chars
[2025-11-06 13:48:49Z INFO ConfigurationManager] Settings Loaded
[2025-11-06 13:48:49Z INFO ConfigurationStore] IsServiceConfigured()
[2025-11-06 13:48:49Z INFO ConfigurationStore] IsServiceConfigured: False
[2025-11-06 13:48:49Z INFO CommandSettings] Command 'run': 'True'
[2025-11-06 13:48:49Z INFO ConfigurationStore] IsConfigured()
[2025-11-06 13:48:49Z INFO ConfigurationStore] IsConfigured: True
[2025-11-06 13:48:49Z INFO ConfigurationManager] Is configured: True
[2025-11-06 13:48:49Z INFO Runner] Could not parse the argument value '' for StartupType. Defaulting to Manual
[2025-11-06 13:48:49Z INFO Runner] Set runner startup type - Manual
[2025-11-06 13:48:49Z INFO CommandSettings] Flag 'once': 'False'
[2025-11-06 13:48:49Z INFO CommandSettings] Flag 'once': 'False'
[2025-11-06 13:48:49Z INFO Runner] RunAsync
[2025-11-06 13:48:49Z INFO ConfigurationManager] LoadMigratedSettings
[2025-11-06 13:48:49Z INFO ConfigurationStore] IsMigratedConfigured()
[2025-11-06 13:48:49Z INFO ConfigurationStore] IsMigratedConfigured: False
[2025-11-06 13:48:49Z INFO Runner] Failed to load migrated settings: No migrated configuration found.
[2025-11-06 13:48:49Z INFO Runner] Falling back to original .runner settings
[2025-11-06 13:48:49Z INFO Runner] Using BrokerMessageListener
[2025-11-06 13:48:49Z INFO BrokerMessageListener] Using provided settings
[2025-11-06 13:48:49Z INFO BrokerMessageListener] {
  "AgentId": 2,
  "AgentName": "DESKTOP-5QEITAM",
  "PoolId": 1,
  "PoolName": "Default",
  "ServerUrl": "https://pipelinesghubeus15.actions.githubusercontent.com/i5kp7pqZtERevUn9z402RyUE0iUEXOMQWPHn9K126eKFV2ug3l/",
  "GitHubUrl": "https://github.com/MahmoudAH97/github-actions-docker-demo",
  "WorkFolder": "_work",
  "UseV2Flow": true,
  "ServerUrlV2": "https://broker.actions.githubusercontent.com/"
}
[2025-11-06 13:48:49Z INFO BrokerMessageListener] Loading Credentials
[2025-11-06 13:48:49Z INFO ConfigurationStore] HasCredentials()
[2025-11-06 13:48:49Z INFO ConfigurationStore] stored True
[2025-11-06 13:48:49Z INFO CredentialManager] GetCredentialProvider
[2025-11-06 13:48:49Z INFO CredentialManager] Creating type OAuth
[2025-11-06 13:48:49Z INFO CredentialManager] Creating credential type: OAuth
[2025-11-06 13:48:49Z INFO HostContext] Well known directory 'Bin': 'C:\Users\asadi\Desktop\courses\3rdyear\1st sem\MLOps\Asiignments\github-actions-docker-demo\actions-runner\bin'
[2025-11-06 13:48:49Z INFO HostContext] Well known directory 'Root': 'C:\Users\asadi\Desktop\courses\3rdyear\1st sem\MLOps\Asiignments\github-actions-docker-demo\actions-runner'
[2025-11-06 13:48:49Z INFO HostContext] Well known config file 'RSACredentials': 'C:\Users\asadi\Desktop\courses\3rdyear\1st sem\MLOps\Asiignments\github-actions-docker-demo\actions-runner\.credentials_rsaparams'
[2025-11-06 13:48:49Z INFO RSAEncryptedFileKeyManager] Loading RSA key parameters from file C:\Users\asadi\Desktop\courses\3rdyear\1st sem\MLOps\Asiignments\github-actions-docker-demo\actions-runner\.credentials_rsaparams
[2025-11-06 13:48:49Z INFO BrokerMessageListener] Attempt to create session.
[2025-11-06 13:48:49Z INFO BrokerMessageListener] Connecting to the Broker Server...
[2025-11-06 13:48:49Z INFO ConfigurationStore] HasCredentials()
[2025-11-06 13:48:49Z INFO ConfigurationStore] stored True
[2025-11-06 13:48:49Z INFO CredentialManager] GetCredentialProvider
[2025-11-06 13:48:49Z INFO CredentialManager] Creating type OAuth
[2025-11-06 13:48:49Z INFO CredentialManager] Creating credential type: OAuth
[2025-11-06 13:48:49Z INFO RSAEncryptedFileKeyManager] Loading RSA key parameters from file C:\Users\asadi\Desktop\courses\3rdyear\1st sem\MLOps\Asiignments\github-actions-docker-demo\actions-runner\.credentials_rsaparams
[2025-11-06 13:48:49Z INFO BrokerMessageListener] VssConnection created
[2025-11-06 13:48:49Z INFO BrokerMessageListener] Connecting to the Runner server...
[2025-11-06 13:48:49Z INFO RunnerServer] EstablishVssConnection
[2025-11-06 13:48:49Z INFO RunnerServer] Establish connection with 100 seconds timeout.
[2025-11-06 13:48:49Z INFO GitHubActionsService] Starting operation Location.GetConnectionData
[2025-11-06 13:48:49Z INFO RunnerServer] EstablishVssConnection
[2025-11-06 13:48:49Z INFO RunnerServer] Establish connection with 60 seconds timeout.
[2025-11-06 13:48:49Z INFO GitHubActionsService] Starting operation Location.GetConnectionData
[2025-11-06 13:48:49Z INFO RunnerServer] EstablishVssConnection
[2025-11-06 13:48:49Z INFO RunnerServer] Establish connection with 60 seconds timeout.
[2025-11-06 13:48:49Z INFO GitHubActionsService] Starting operation Location.GetConnectionData
[2025-11-06 13:48:50Z INFO GitHubActionsService] Finished operation Location.GetConnectionData
[2025-11-06 13:48:50Z INFO GitHubActionsService] Finished operation Location.GetConnectionData
[2025-11-06 13:48:50Z INFO GitHubActionsService] Finished operation Location.GetConnectionData
[2025-11-06 13:48:50Z INFO BrokerMessageListener] VssConnection created
[2025-11-06 13:48:50Z INFO Terminal] WRITE LINE: 
[2025-11-06 13:48:50Z INFO Terminal] WRITE LINE: 
[2025-11-06 13:48:50Z INFO RSAEncryptedFileKeyManager] Loading RSA key parameters from file C:\Users\asadi\Desktop\courses\3rdyear\1st sem\MLOps\Asiignments\github-actions-docker-demo\actions-runner\.credentials_rsaparams
[2025-11-06 13:48:50Z INFO RSAEncryptedFileKeyManager] Loading RSA key parameters from file C:\Users\asadi\Desktop\courses\3rdyear\1st sem\MLOps\Asiignments\github-actions-docker-demo\actions-runner\.credentials_rsaparams
[2025-11-06 13:48:50Z INFO GitHubActionsService] AAD Correlation ID for this token request: Unknown
[2025-11-06 13:48:51Z INFO BrokerMessageListener] Session created.
[2025-11-06 13:48:51Z INFO Terminal] WRITE LINE: Current runner version: '2.329.0'
[2025-11-06 13:48:51Z INFO Terminal] WRITE LINE: 2025-11-06 13:48:51Z: Listening for Jobs
[2025-11-06 13:48:51Z INFO JobDispatcher] Set runner/worker IPC timeout to 30 seconds.
[2025-11-06 13:48:51Z INFO ConfigurationStore] HasCredentials()
[2025-11-06 13:48:51Z INFO ConfigurationStore] stored True
[2025-11-06 13:48:51Z INFO CredentialManager] GetCredentialProvider
[2025-11-06 13:48:51Z INFO CredentialManager] Creating type OAuth
[2025-11-06 13:48:51Z INFO CredentialManager] Creating credential type: OAuth
[2025-11-06 13:48:51Z INFO RSAEncryptedFileKeyManager] Loading RSA key parameters from file C:\Users\asadi\Desktop\courses\3rdyear\1st sem\MLOps\Asiignments\github-actions-docker-demo\actions-runner\.credentials_rsaparams
[2025-11-06 13:48:51Z INFO RSAEncryptedFileKeyManager] Loading RSA key parameters from file C:\Users\asadi\Desktop\courses\3rdyear\1st sem\MLOps\Asiignments\github-actions-docker-demo\actions-runner\.credentials_rsaparams
[2025-11-06 13:48:51Z INFO RSAEncryptedFileKeyManager] Loading RSA key parameters from file C:\Users\asadi\Desktop\courses\3rdyear\1st sem\MLOps\Asiignments\github-actions-docker-demo\actions-runner\.credentials_rsaparams
[2025-11-06 13:48:52Z INFO GitHubActionsService] AAD Correlation ID for this token request: Unknown
[2025-11-06 13:48:54Z INFO JobDispatcher] Job request 0 for plan b9f43e33-a8e4-43d5-b83c-84a07747885f job fe40d3c7-57d8-5ba9-9745-0ada48f24e71 received.
[2025-11-06 13:48:54Z INFO JobDispatcher] Pull OrchestrationId b9f43e33-a8e4-43d5-b83c-84a07747885f.build-and-push.__default from JWT claims
[2025-11-06 13:48:54Z INFO BrokerMessageListener] Received job status event. JobState: Busy
[2025-11-06 13:48:54Z INFO BrokerMessageListener] _getMessagesTokenSource is already disposed.
[2025-11-06 13:48:54Z INFO Terminal] WRITE LINE: 2025-11-06 13:48:54Z: Running job: build-and-push
[2025-11-06 13:48:54Z INFO JobDispatcher] Start renew job request 0 for job fe40d3c7-57d8-5ba9-9745-0ada48f24e71.
[2025-11-06 13:48:55Z INFO JobDispatcher] Successfully renew job fe40d3c7-57d8-5ba9-9745-0ada48f24e71, job is valid till 11/6/2025 1:58:55 PM
[2025-11-06 13:48:55Z INFO HostContext] Well known directory 'Bin': 'C:\Users\asadi\Desktop\courses\3rdyear\1st sem\MLOps\Asiignments\github-actions-docker-demo\actions-runner\bin'
[2025-11-06 13:48:55Z INFO ProcessInvokerWrapper] Starting process:
[2025-11-06 13:48:55Z INFO ProcessInvokerWrapper]   File name: 'C:\Users\asadi\Desktop\courses\3rdyear\1st sem\MLOps\Asiignments\github-actions-docker-demo\actions-runner\bin\Runner.Worker.exe'
[2025-11-06 13:48:55Z INFO ProcessInvokerWrapper]   Arguments: 'spawnclient 2116 2132'
[2025-11-06 13:48:55Z INFO ProcessInvokerWrapper]   Working directory: 'C:\Users\asadi\Desktop\courses\3rdyear\1st sem\MLOps\Asiignments\github-actions-docker-demo\actions-runner\bin'
[2025-11-06 13:48:55Z INFO ProcessInvokerWrapper]   Require exit code zero: 'False'
[2025-11-06 13:48:55Z INFO ProcessInvokerWrapper]   Encoding web name:  ; code page: ''
[2025-11-06 13:48:55Z INFO ProcessInvokerWrapper]   Force kill process on cancellation: 'True'
[2025-11-06 13:48:55Z INFO ProcessInvokerWrapper]   Redirected STDIN: 'False'
[2025-11-06 13:48:55Z INFO ProcessInvokerWrapper]   Persist current code page: 'False'
[2025-11-06 13:48:55Z INFO ProcessInvokerWrapper]   Keep redirected STDIN open: 'False'
[2025-11-06 13:48:55Z INFO ProcessInvokerWrapper]   High priority process: 'True'
[2025-11-06 13:48:55Z INFO ProcessInvokerWrapper] Process started with process id 24832, waiting for process exit.
[2025-11-06 13:48:55Z INFO JobDispatcher] Send job request message to worker for job fe40d3c7-57d8-5ba9-9745-0ada48f24e71.
[2025-11-06 13:48:55Z INFO ProcessChannel] Sending message of length 20029, with hash '105ebd0906a39a078b9a4db63648bb7cf993baa98fa72f5f46f87670e9f1966d'
[2025-11-06 13:48:55Z INFO JobNotification] Entering JobStarted Notification
[2025-11-06 13:48:55Z INFO JobNotification] Entering StartMonitor
[2025-11-06 13:49:15Z INFO ProcessInvokerWrapper] STDOUT/STDERR stream read finished.
[2025-11-06 13:49:15Z INFO ProcessInvokerWrapper] STDOUT/STDERR stream read finished.
[2025-11-06 13:49:15Z INFO ProcessInvokerWrapper] Finished process 24832 with exit code 102, and elapsed time 00:00:20.4135288.
[2025-11-06 13:49:15Z INFO JobDispatcher] Worker finished for job fe40d3c7-57d8-5ba9-9745-0ada48f24e71. Code: 102
[2025-11-06 13:49:15Z INFO JobDispatcher] finish job request for job fe40d3c7-57d8-5ba9-9745-0ada48f24e71 with result: Failed
[2025-11-06 13:49:15Z INFO Terminal] WRITE LINE: 2025-11-06 13:49:15Z: Job build-and-push completed with result: Failed
[2025-11-06 13:49:15Z INFO JobDispatcher] Stop renew job request for job fe40d3c7-57d8-5ba9-9745-0ada48f24e71.
[2025-11-06 13:49:15Z INFO JobDispatcher] job renew has been cancelled, stop renew job fe40d3c7-57d8-5ba9-9745-0ada48f24e71.
[2025-11-06 13:49:15Z INFO JobNotification] Entering JobCompleted Notification
[2025-11-06 13:49:15Z INFO JobNotification] Entering EndMonitor
[2025-11-06 13:49:15Z INFO BrokerMessageListener] Received job status event. JobState: Online
[2025-11-06 13:49:15Z WARN GitHubActionsService] GET request to https://broker.actions.githubusercontent.com/message?sessionId=62c55256-61b3-4668-8431-ab5918fb4fcf&status=Busy&runnerVersion=2.329.0&os=Windows&architecture=X64&disableUpdate=false has been cancelled.
[2025-11-06 13:49:15Z ERR  BrokerServer] Catch exception during request
[2025-11-06 13:49:15Z ERR  BrokerServer] System.Threading.Tasks.TaskCanceledException: The operation was canceled.
 ---> System.Threading.Tasks.TaskCanceledException: The operation was canceled.
 ---> System.IO.IOException: Unable to read data from the transport connection: The I/O operation has been aborted because of either a thread exit or an application request..
 ---> System.Net.Sockets.SocketException (995): The I/O operation has been aborted because of either a thread exit or an application request.
   --- End of inner exception stack trace ---
   at System.Net.Sockets.Socket.AwaitableSocketAsyncEventArgs.ThrowException(SocketError error, CancellationToken cancellationToken)
   at System.Net.Sockets.Socket.AwaitableSocketAsyncEventArgs.System.Threading.Tasks.Sources.IValueTaskSource<System.Int32>.GetResult(Int16 token)
   at System.Net.Security.SslStream.EnsureFullTlsFrameAsync[TIOAdapter](CancellationToken cancellationToken, Int32 estimatedSize)
   at System.Runtime.CompilerServices.PoolingAsyncValueTaskMethodBuilder`1.StateMachineBox`1.System.Threading.Tasks.Sources.IValueTaskSource<TResult>.GetResult(Int16 token)
   at System.Net.Security.SslStream.ReadAsyncInternal[TIOAdapter](Memory`1 buffer, CancellationToken cancellationToken)
   at System.Runtime.CompilerServices.PoolingAsyncValueTaskMethodBuilder`1.StateMachineBox`1.System.Threading.Tasks.Sources.IValueTaskSource<TResult>.GetResult(Int16 token)
   at System.Net.Http.HttpConnection.SendAsync(HttpRequestMessage request, Boolean async, CancellationToken cancellationToken)
   --- End of inner exception stack trace ---
   at System.Net.Http.HttpConnection.SendAsync(HttpRequestMessage request, Boolean async, CancellationToken cancellationToken)
   at System.Net.Http.AuthenticationHelper.SendWithNtAuthAsync(HttpRequestMessage request, Uri authUri, Boolean async, ICredentials credentials, Boolean isProxyAuth, HttpConnection connection, HttpConnectionPool connectionPool, CancellationToken cancellationToken)
   at System.Net.Http.HttpConnectionPool.SendWithVersionDetectionAndRetryAsync(HttpRequestMessage request, Boolean async, Boolean doRequestAuth, CancellationToken cancellationToken)
   at System.Net.Http.AuthenticationHelper.SendWithAuthAsync(HttpRequestMessage request, Uri authUri, Boolean async, ICredentials credentials, Boolean preAuthenticate, Boolean isProxyAuth, Boolean doRequestAuth, HttpConnectionPool pool, CancellationToken cancellationToken)
   at System.Net.Http.RedirectHandler.SendAsync(HttpRequestMessage request, Boolean async, CancellationToken cancellationToken)
   at GitHub.Services.Common.RawHttpMessageHandler.SendAsync(HttpRequestMessage request, CancellationToken cancellationToken)
   at GitHub.Services.Common.VssHttpRetryMessageHandler.SendAsync(HttpRequestMessage request, CancellationToken cancellationToken)
   at System.Net.Http.HttpClient.<SendAsync>g__Core|83_0(HttpRequestMessage request, HttpCompletionOption completionOption, CancellationTokenSource cts, Boolean disposeCts, CancellationTokenSource pendingRequestsCts, CancellationToken originalCancellationToken)
   --- End of inner exception stack trace ---
   at System.Net.Http.HttpClient.HandleFailure(Exception e, Boolean telemetryStarted, HttpResponseMessage response, CancellationTokenSource cts, CancellationToken cancellationToken, CancellationTokenSource pendingRequestsCts)
   at System.Net.Http.HttpClient.<SendAsync>g__Core|83_0(HttpRequestMessage request, HttpCompletionOption completionOption, CancellationTokenSource cts, Boolean disposeCts, CancellationTokenSource pendingRequestsCts, CancellationToken originalCancellationToken)
   at Sdk.WebApi.WebApi.RawHttpClientBase.SendAsync(HttpRequestMessage message, HttpCompletionOption completionOption, Object userState, CancellationToken cancellationToken)
   at Sdk.WebApi.WebApi.RawHttpClientBase.SendAsync[T](HttpRequestMessage message, Boolean readErrorBody, Object userState, CancellationToken cancellationToken)
   at Sdk.WebApi.WebApi.RawHttpClientBase.SendAsync[T](HttpMethod method, IEnumerable`1 additionalHeaders, Uri requestUri, HttpContent content, IEnumerable`1 queryParameters, Boolean readErrorBody, Object userState, CancellationToken cancellationToken)
   at GitHub.Actions.RunService.WebApi.BrokerHttpClient.GetRunnerMessageAsync(Nullable`1 sessionId, String runnerVersion, Nullable`1 status, String os, String architecture, Nullable`1 disableUpdate, CancellationToken cancellationToken)
   at GitHub.Runner.Common.BrokerServer.<>c__DisplayClass7_0.<<GetRunnerMessageAsync>b__0>d.MoveNext()
--- End of stack trace from previous location ---
   at GitHub.Runner.Common.RunnerService.RetryRequest[T](Func`1 func, CancellationToken cancellationToken, Int32 maxAttempts, Func`2 shouldRetry)
[2025-11-06 13:49:15Z ERR  BrokerServer] #####################################################
[2025-11-06 13:49:15Z ERR  BrokerServer] System.Threading.Tasks.TaskCanceledException: The operation was canceled.
 ---> System.IO.IOException: Unable to read data from the transport connection: The I/O operation has been aborted because of either a thread exit or an application request..
 ---> System.Net.Sockets.SocketException (995): The I/O operation has been aborted because of either a thread exit or an application request.
   --- End of inner exception stack trace ---
   at System.Net.Sockets.Socket.AwaitableSocketAsyncEventArgs.ThrowException(SocketError error, CancellationToken cancellationToken)
   at System.Net.Sockets.Socket.AwaitableSocketAsyncEventArgs.System.Threading.Tasks.Sources.IValueTaskSource<System.Int32>.GetResult(Int16 token)
   at System.Net.Security.SslStream.EnsureFullTlsFrameAsync[TIOAdapter](CancellationToken cancellationToken, Int32 estimatedSize)
   at System.Runtime.CompilerServices.PoolingAsyncValueTaskMethodBuilder`1.StateMachineBox`1.System.Threading.Tasks.Sources.IValueTaskSource<TResult>.GetResult(Int16 token)
   at System.Net.Security.SslStream.ReadAsyncInternal[TIOAdapter](Memory`1 buffer, CancellationToken cancellationToken)
   at System.Runtime.CompilerServices.PoolingAsyncValueTaskMethodBuilder`1.StateMachineBox`1.System.Threading.Tasks.Sources.IValueTaskSource<TResult>.GetResult(Int16 token)
   at System.Net.Http.HttpConnection.SendAsync(HttpRequestMessage request, Boolean async, CancellationToken cancellationToken)
   --- End of inner exception stack trace ---
   at System.Net.Http.HttpConnection.SendAsync(HttpRequestMessage request, Boolean async, CancellationToken cancellationToken)
   at System.Net.Http.AuthenticationHelper.SendWithNtAuthAsync(HttpRequestMessage request, Uri authUri, Boolean async, ICredentials credentials, Boolean isProxyAuth, HttpConnection connection, HttpConnectionPool connectionPool, CancellationToken cancellationToken)
   at System.Net.Http.HttpConnectionPool.SendWithVersionDetectionAndRetryAsync(HttpRequestMessage request, Boolean async, Boolean doRequestAuth, CancellationToken cancellationToken)
   at System.Net.Http.AuthenticationHelper.SendWithAuthAsync(HttpRequestMessage request, Uri authUri, Boolean async, ICredentials credentials, Boolean preAuthenticate, Boolean isProxyAuth, Boolean doRequestAuth, HttpConnectionPool pool, CancellationToken cancellationToken)
   at System.Net.Http.RedirectHandler.SendAsync(HttpRequestMessage request, Boolean async, CancellationToken cancellationToken)
   at GitHub.Services.Common.RawHttpMessageHandler.SendAsync(HttpRequestMessage request, CancellationToken cancellationToken)
   at GitHub.Services.Common.VssHttpRetryMessageHandler.SendAsync(HttpRequestMessage request, CancellationToken cancellationToken)
   at System.Net.Http.HttpClient.<SendAsync>g__Core|83_0(HttpRequestMessage request, HttpCompletionOption completionOption, CancellationTokenSource cts, Boolean disposeCts, CancellationTokenSource pendingRequestsCts, CancellationToken originalCancellationToken)
[2025-11-06 13:49:15Z ERR  BrokerServer] #####################################################
[2025-11-06 13:49:15Z ERR  BrokerServer] System.IO.IOException: Unable to read data from the transport connection: The I/O operation has been aborted because of either a thread exit or an application request..
 ---> System.Net.Sockets.SocketException (995): The I/O operation has been aborted because of either a thread exit or an application request.
   --- End of inner exception stack trace ---
   at System.Net.Sockets.Socket.AwaitableSocketAsyncEventArgs.ThrowException(SocketError error, CancellationToken cancellationToken)
   at System.Net.Sockets.Socket.AwaitableSocketAsyncEventArgs.System.Threading.Tasks.Sources.IValueTaskSource<System.Int32>.GetResult(Int16 token)
   at System.Net.Security.SslStream.EnsureFullTlsFrameAsync[TIOAdapter](CancellationToken cancellationToken, Int32 estimatedSize)
   at System.Runtime.CompilerServices.PoolingAsyncValueTaskMethodBuilder`1.StateMachineBox`1.System.Threading.Tasks.Sources.IValueTaskSource<TResult>.GetResult(Int16 token)
   at System.Net.Security.SslStream.ReadAsyncInternal[TIOAdapter](Memory`1 buffer, CancellationToken cancellationToken)
   at System.Runtime.CompilerServices.PoolingAsyncValueTaskMethodBuilder`1.StateMachineBox`1.System.Threading.Tasks.Sources.IValueTaskSource<TResult>.GetResult(Int16 token)
   at System.Net.Http.HttpConnection.SendAsync(HttpRequestMessage request, Boolean async, CancellationToken cancellationToken)
[2025-11-06 13:49:15Z ERR  BrokerServer] #####################################################
[2025-11-06 13:49:15Z ERR  BrokerServer] System.Net.Sockets.SocketException (995): The I/O operation has been aborted because of either a thread exit or an application request.
[2025-11-06 13:49:15Z WARN BrokerServer] Back off 7.63 seconds before next retry. 4 attempt left.
[2025-11-06 13:49:15Z INFO BrokerMessageListener] Get messages has been cancelled using local token source. Continue to get messages with new status.
[2025-11-06 13:54:00Z INFO ConfigurationStore] HasCredentials()
[2025-11-06 13:54:00Z INFO ConfigurationStore] stored True
[2025-11-06 13:54:00Z INFO CredentialManager] GetCredentialProvider
[2025-11-06 13:54:00Z INFO CredentialManager] Creating type OAuth
[2025-11-06 13:54:00Z INFO CredentialManager] Creating credential type: OAuth
[2025-11-06 13:54:00Z INFO RSAEncryptedFileKeyManager] Loading RSA key parameters from file C:\Users\asadi\Desktop\courses\3rdyear\1st sem\MLOps\Asiignments\github-actions-docker-demo\actions-runner\.credentials_rsaparams
[2025-11-06 13:54:00Z INFO RSAEncryptedFileKeyManager] Loading RSA key parameters from file C:\Users\asadi\Desktop\courses\3rdyear\1st sem\MLOps\Asiignments\github-actions-docker-demo\actions-runner\.credentials_rsaparams
[2025-11-06 13:54:00Z INFO RSAEncryptedFileKeyManager] Loading RSA key parameters from file C:\Users\asadi\Desktop\courses\3rdyear\1st sem\MLOps\Asiignments\github-actions-docker-demo\actions-runner\.credentials_rsaparams
[2025-11-06 13:54:00Z INFO GitHubActionsService] AAD Correlation ID for this token request: Unknown
[2025-11-06 13:54:01Z INFO JobDispatcher] Job request 0 for plan c57077fb-4554-461a-b90f-67384ec01ac1 job 8173aed3-6931-5f11-b971-17abc69e756a received.
[2025-11-06 13:54:01Z INFO JobDispatcher] Pull OrchestrationId c57077fb-4554-461a-b90f-67384ec01ac1.build-and-push.__default from JWT claims
[2025-11-06 13:54:01Z INFO BrokerMessageListener] Received job status event. JobState: Busy
[2025-11-06 13:54:01Z INFO BrokerMessageListener] _getMessagesTokenSource is already disposed.
[2025-11-06 13:54:01Z INFO JobDispatcher] Job request fe40d3c7-57d8-5ba9-9745-0ada48f24e71 processed succeed.
[2025-11-06 13:54:01Z INFO Terminal] WRITE LINE: 2025-11-06 13:54:01Z: Running job: build-and-push
[2025-11-06 13:54:01Z INFO JobDispatcher] Start renew job request 0 for job 8173aed3-6931-5f11-b971-17abc69e756a.
[2025-11-06 13:54:02Z INFO JobDispatcher] Successfully renew job 8173aed3-6931-5f11-b971-17abc69e756a, job is valid till 11/6/2025 2:04:02 PM
[2025-11-06 13:54:02Z INFO HostContext] Well known directory 'Bin': 'C:\Users\asadi\Desktop\courses\3rdyear\1st sem\MLOps\Asiignments\github-actions-docker-demo\actions-runner\bin'
[2025-11-06 13:54:02Z INFO ProcessInvokerWrapper] Starting process:
[2025-11-06 13:54:02Z INFO ProcessInvokerWrapper]   File name: 'C:\Users\asadi\Desktop\courses\3rdyear\1st sem\MLOps\Asiignments\github-actions-docker-demo\actions-runner\bin\Runner.Worker.exe'
[2025-11-06 13:54:02Z INFO ProcessInvokerWrapper]   Arguments: 'spawnclient 1392 1496'
[2025-11-06 13:54:02Z INFO ProcessInvokerWrapper]   Working directory: 'C:\Users\asadi\Desktop\courses\3rdyear\1st sem\MLOps\Asiignments\github-actions-docker-demo\actions-runner\bin'
[2025-11-06 13:54:02Z INFO ProcessInvokerWrapper]   Require exit code zero: 'False'
[2025-11-06 13:54:02Z INFO ProcessInvokerWrapper]   Encoding web name:  ; code page: ''
[2025-11-06 13:54:02Z INFO ProcessInvokerWrapper]   Force kill process on cancellation: 'True'
[2025-11-06 13:54:02Z INFO ProcessInvokerWrapper]   Redirected STDIN: 'False'
[2025-11-06 13:54:02Z INFO ProcessInvokerWrapper]   Persist current code page: 'False'
[2025-11-06 13:54:02Z INFO ProcessInvokerWrapper]   Keep redirected STDIN open: 'False'
[2025-11-06 13:54:02Z INFO ProcessInvokerWrapper]   High priority process: 'True'
[2025-11-06 13:54:02Z INFO ProcessInvokerWrapper] Process started with process id 16632, waiting for process exit.
[2025-11-06 13:54:02Z INFO JobDispatcher] Send job request message to worker for job 8173aed3-6931-5f11-b971-17abc69e756a.
[2025-11-06 13:54:02Z INFO ProcessChannel] Sending message of length 20144, with hash 'a4d2599402f3f4383ae50d25e4b62c2fbc51291167824932343c4bb73cefd8d3'
[2025-11-06 13:54:02Z INFO JobNotification] Entering JobStarted Notification
[2025-11-06 13:54:02Z INFO JobNotification] Entering StartMonitor
[2025-11-06 13:54:21Z INFO ProcessInvokerWrapper] STDOUT/STDERR stream read finished.
[2025-11-06 13:54:21Z INFO ProcessInvokerWrapper] STDOUT/STDERR stream read finished.
[2025-11-06 13:54:21Z INFO ProcessInvokerWrapper] Finished process 16632 with exit code 102, and elapsed time 00:00:18.6533912.
[2025-11-06 13:54:21Z INFO JobDispatcher] Worker finished for job 8173aed3-6931-5f11-b971-17abc69e756a. Code: 102
[2025-11-06 13:54:21Z INFO JobDispatcher] finish job request for job 8173aed3-6931-5f11-b971-17abc69e756a with result: Failed
[2025-11-06 13:54:21Z INFO Terminal] WRITE LINE: 2025-11-06 13:54:21Z: Job build-and-push completed with result: Failed
[2025-11-06 13:54:21Z INFO JobDispatcher] Stop renew job request for job 8173aed3-6931-5f11-b971-17abc69e756a.
[2025-11-06 13:54:21Z INFO JobDispatcher] job renew has been cancelled, stop renew job 8173aed3-6931-5f11-b971-17abc69e756a.
[2025-11-06 13:54:21Z INFO JobNotification] Entering JobCompleted Notification
[2025-11-06 13:54:21Z INFO JobNotification] Entering EndMonitor
[2025-11-06 13:54:21Z INFO BrokerMessageListener] Received job status event. JobState: Online
[2025-11-06 13:54:21Z WARN GitHubActionsService] GET request to https://broker.actions.githubusercontent.com/message?sessionId=62c55256-61b3-4668-8431-ab5918fb4fcf&status=Busy&runnerVersion=2.329.0&os=Windows&architecture=X64&disableUpdate=false has been cancelled.
[2025-11-06 13:54:21Z ERR  BrokerServer] Catch exception during request
[2025-11-06 13:54:21Z ERR  BrokerServer] System.Threading.Tasks.TaskCanceledException: The operation was canceled.
 ---> System.Threading.Tasks.TaskCanceledException: The operation was canceled.
 ---> System.IO.IOException: Unable to read data from the transport connection: The I/O operation has been aborted because of either a thread exit or an application request..
 ---> System.Net.Sockets.SocketException (995): The I/O operation has been aborted because of either a thread exit or an application request.
   --- End of inner exception stack trace ---
   at System.Net.Sockets.Socket.AwaitableSocketAsyncEventArgs.ThrowException(SocketError error, CancellationToken cancellationToken)
   at System.Net.Sockets.Socket.AwaitableSocketAsyncEventArgs.System.Threading.Tasks.Sources.IValueTaskSource<System.Int32>.GetResult(Int16 token)
   at System.Net.Security.SslStream.EnsureFullTlsFrameAsync[TIOAdapter](CancellationToken cancellationToken, Int32 estimatedSize)
   at System.Runtime.CompilerServices.PoolingAsyncValueTaskMethodBuilder`1.StateMachineBox`1.System.Threading.Tasks.Sources.IValueTaskSource<TResult>.GetResult(Int16 token)
   at System.Net.Security.SslStream.ReadAsyncInternal[TIOAdapter](Memory`1 buffer, CancellationToken cancellationToken)
   at System.Runtime.CompilerServices.PoolingAsyncValueTaskMethodBuilder`1.StateMachineBox`1.System.Threading.Tasks.Sources.IValueTaskSource<TResult>.GetResult(Int16 token)
   at System.Net.Http.HttpConnection.SendAsync(HttpRequestMessage request, Boolean async, CancellationToken cancellationToken)
   --- End of inner exception stack trace ---
   at System.Net.Http.HttpConnection.SendAsync(HttpRequestMessage request, Boolean async, CancellationToken cancellationToken)
   at System.Net.Http.AuthenticationHelper.SendWithNtAuthAsync(HttpRequestMessage request, Uri authUri, Boolean async, ICredentials credentials, Boolean isProxyAuth, HttpConnection connection, HttpConnectionPool connectionPool, CancellationToken cancellationToken)
   at System.Net.Http.HttpConnectionPool.SendWithVersionDetectionAndRetryAsync(HttpRequestMessage request, Boolean async, Boolean doRequestAuth, CancellationToken cancellationToken)
   at System.Net.Http.AuthenticationHelper.SendWithAuthAsync(HttpRequestMessage request, Uri authUri, Boolean async, ICredentials credentials, Boolean preAuthenticate, Boolean isProxyAuth, Boolean doRequestAuth, HttpConnectionPool pool, CancellationToken cancellationToken)
   at System.Net.Http.RedirectHandler.SendAsync(HttpRequestMessage request, Boolean async, CancellationToken cancellationToken)
   at GitHub.Services.Common.RawHttpMessageHandler.SendAsync(HttpRequestMessage request, CancellationToken cancellationToken)
   at GitHub.Services.Common.VssHttpRetryMessageHandler.SendAsync(HttpRequestMessage request, CancellationToken cancellationToken)
   at System.Net.Http.HttpClient.<SendAsync>g__Core|83_0(HttpRequestMessage request, HttpCompletionOption completionOption, CancellationTokenSource cts, Boolean disposeCts, CancellationTokenSource pendingRequestsCts, CancellationToken originalCancellationToken)
   --- End of inner exception stack trace ---
   at System.Net.Http.HttpClient.HandleFailure(Exception e, Boolean telemetryStarted, HttpResponseMessage response, CancellationTokenSource cts, CancellationToken cancellationToken, CancellationTokenSource pendingRequestsCts)
   at System.Net.Http.HttpClient.<SendAsync>g__Core|83_0(HttpRequestMessage request, HttpCompletionOption completionOption, CancellationTokenSource cts, Boolean disposeCts, CancellationTokenSource pendingRequestsCts, CancellationToken originalCancellationToken)
   at Sdk.WebApi.WebApi.RawHttpClientBase.SendAsync(HttpRequestMessage message, HttpCompletionOption completionOption, Object userState, CancellationToken cancellationToken)
   at Sdk.WebApi.WebApi.RawHttpClientBase.SendAsync[T](HttpRequestMessage message, Boolean readErrorBody, Object userState, CancellationToken cancellationToken)
   at Sdk.WebApi.WebApi.RawHttpClientBase.SendAsync[T](HttpMethod method, IEnumerable`1 additionalHeaders, Uri requestUri, HttpContent content, IEnumerable`1 queryParameters, Boolean readErrorBody, Object userState, CancellationToken cancellationToken)
   at GitHub.Actions.RunService.WebApi.BrokerHttpClient.GetRunnerMessageAsync(Nullable`1 sessionId, String runnerVersion, Nullable`1 status, String os, String architecture, Nullable`1 disableUpdate, CancellationToken cancellationToken)
   at GitHub.Runner.Common.BrokerServer.<>c__DisplayClass7_0.<<GetRunnerMessageAsync>b__0>d.MoveNext()
--- End of stack trace from previous location ---
   at GitHub.Runner.Common.RunnerService.RetryRequest[T](Func`1 func, CancellationToken cancellationToken, Int32 maxAttempts, Func`2 shouldRetry)
[2025-11-06 13:54:21Z ERR  BrokerServer] #####################################################
[2025-11-06 13:54:21Z ERR  BrokerServer] System.Threading.Tasks.TaskCanceledException: The operation was canceled.
 ---> System.IO.IOException: Unable to read data from the transport connection: The I/O operation has been aborted because of either a thread exit or an application request..
 ---> System.Net.Sockets.SocketException (995): The I/O operation has been aborted because of either a thread exit or an application request.
   --- End of inner exception stack trace ---
   at System.Net.Sockets.Socket.AwaitableSocketAsyncEventArgs.ThrowException(SocketError error, CancellationToken cancellationToken)
   at System.Net.Sockets.Socket.AwaitableSocketAsyncEventArgs.System.Threading.Tasks.Sources.IValueTaskSource<System.Int32>.GetResult(Int16 token)
   at System.Net.Security.SslStream.EnsureFullTlsFrameAsync[TIOAdapter](CancellationToken cancellationToken, Int32 estimatedSize)
   at System.Runtime.CompilerServices.PoolingAsyncValueTaskMethodBuilder`1.StateMachineBox`1.System.Threading.Tasks.Sources.IValueTaskSource<TResult>.GetResult(Int16 token)
   at System.Net.Security.SslStream.ReadAsyncInternal[TIOAdapter](Memory`1 buffer, CancellationToken cancellationToken)
   at System.Runtime.CompilerServices.PoolingAsyncValueTaskMethodBuilder`1.StateMachineBox`1.System.Threading.Tasks.Sources.IValueTaskSource<TResult>.GetResult(Int16 token)
   at System.Net.Http.HttpConnection.SendAsync(HttpRequestMessage request, Boolean async, CancellationToken cancellationToken)
   --- End of inner exception stack trace ---
   at System.Net.Http.HttpConnection.SendAsync(HttpRequestMessage request, Boolean async, CancellationToken cancellationToken)
   at System.Net.Http.AuthenticationHelper.SendWithNtAuthAsync(HttpRequestMessage request, Uri authUri, Boolean async, ICredentials credentials, Boolean isProxyAuth, HttpConnection connection, HttpConnectionPool connectionPool, CancellationToken cancellationToken)
   at System.Net.Http.HttpConnectionPool.SendWithVersionDetectionAndRetryAsync(HttpRequestMessage request, Boolean async, Boolean doRequestAuth, CancellationToken cancellationToken)
   at System.Net.Http.AuthenticationHelper.SendWithAuthAsync(HttpRequestMessage request, Uri authUri, Boolean async, ICredentials credentials, Boolean preAuthenticate, Boolean isProxyAuth, Boolean doRequestAuth, HttpConnectionPool pool, CancellationToken cancellationToken)
   at System.Net.Http.RedirectHandler.SendAsync(HttpRequestMessage request, Boolean async, CancellationToken cancellationToken)
   at GitHub.Services.Common.RawHttpMessageHandler.SendAsync(HttpRequestMessage request, CancellationToken cancellationToken)
   at GitHub.Services.Common.VssHttpRetryMessageHandler.SendAsync(HttpRequestMessage request, CancellationToken cancellationToken)
   at System.Net.Http.HttpClient.<SendAsync>g__Core|83_0(HttpRequestMessage request, HttpCompletionOption completionOption, CancellationTokenSource cts, Boolean disposeCts, CancellationTokenSource pendingRequestsCts, CancellationToken originalCancellationToken)
[2025-11-06 13:54:21Z ERR  BrokerServer] #####################################################
[2025-11-06 13:54:21Z ERR  BrokerServer] System.IO.IOException: Unable to read data from the transport connection: The I/O operation has been aborted because of either a thread exit or an application request..
 ---> System.Net.Sockets.SocketException (995): The I/O operation has been aborted because of either a thread exit or an application request.
   --- End of inner exception stack trace ---
   at System.Net.Sockets.Socket.AwaitableSocketAsyncEventArgs.ThrowException(SocketError error, CancellationToken cancellationToken)
   at System.Net.Sockets.Socket.AwaitableSocketAsyncEventArgs.System.Threading.Tasks.Sources.IValueTaskSource<System.Int32>.GetResult(Int16 token)
   at System.Net.Security.SslStream.EnsureFullTlsFrameAsync[TIOAdapter](CancellationToken cancellationToken, Int32 estimatedSize)
   at System.Runtime.CompilerServices.PoolingAsyncValueTaskMethodBuilder`1.StateMachineBox`1.System.Threading.Tasks.Sources.IValueTaskSource<TResult>.GetResult(Int16 token)
   at System.Net.Security.SslStream.ReadAsyncInternal[TIOAdapter](Memory`1 buffer, CancellationToken cancellationToken)
   at System.Runtime.CompilerServices.PoolingAsyncValueTaskMethodBuilder`1.StateMachineBox`1.System.Threading.Tasks.Sources.IValueTaskSource<TResult>.GetResult(Int16 token)
   at System.Net.Http.HttpConnection.SendAsync(HttpRequestMessage request, Boolean async, CancellationToken cancellationToken)
[2025-11-06 13:54:21Z ERR  BrokerServer] #####################################################
[2025-11-06 13:54:21Z ERR  BrokerServer] System.Net.Sockets.SocketException (995): The I/O operation has been aborted because of either a thread exit or an application request.
[2025-11-06 13:54:21Z WARN BrokerServer] Back off 5.626 seconds before next retry. 4 attempt left.
[2025-11-06 13:54:21Z INFO BrokerMessageListener] Get messages has been cancelled using local token source. Continue to get messages with new status.
[2025-11-06 13:56:29Z INFO ConfigurationStore] HasCredentials()
[2025-11-06 13:56:29Z INFO ConfigurationStore] stored True
[2025-11-06 13:56:29Z INFO CredentialManager] GetCredentialProvider
[2025-11-06 13:56:29Z INFO CredentialManager] Creating type OAuth
[2025-11-06 13:56:29Z INFO CredentialManager] Creating credential type: OAuth
[2025-11-06 13:56:29Z INFO RSAEncryptedFileKeyManager] Loading RSA key parameters from file C:\Users\asadi\Desktop\courses\3rdyear\1st sem\MLOps\Asiignments\github-actions-docker-demo\actions-runner\.credentials_rsaparams
[2025-11-06 13:56:29Z INFO RSAEncryptedFileKeyManager] Loading RSA key parameters from file C:\Users\asadi\Desktop\courses\3rdyear\1st sem\MLOps\Asiignments\github-actions-docker-demo\actions-runner\.credentials_rsaparams
[2025-11-06 13:56:29Z INFO RSAEncryptedFileKeyManager] Loading RSA key parameters from file C:\Users\asadi\Desktop\courses\3rdyear\1st sem\MLOps\Asiignments\github-actions-docker-demo\actions-runner\.credentials_rsaparams
[2025-11-06 13:56:29Z INFO GitHubActionsService] AAD Correlation ID for this token request: Unknown
[2025-11-06 13:56:30Z INFO JobDispatcher] Job request 0 for plan 49a73fa4-20fa-4b82-ba21-7cfb94c8691e job 00ae4e27-5598-5c07-9bcb-e3a1a63c38e5 received.
[2025-11-06 13:56:30Z INFO JobDispatcher] Pull OrchestrationId 49a73fa4-20fa-4b82-ba21-7cfb94c8691e.build-and-push.__default from JWT claims
[2025-11-06 13:56:30Z INFO BrokerMessageListener] Received job status event. JobState: Busy
[2025-11-06 13:56:30Z INFO BrokerMessageListener] _getMessagesTokenSource is already disposed.
[2025-11-06 13:56:30Z INFO JobDispatcher] Job request 8173aed3-6931-5f11-b971-17abc69e756a processed succeed.
[2025-11-06 13:56:30Z INFO Terminal] WRITE LINE: 2025-11-06 13:56:30Z: Running job: build-and-push
[2025-11-06 13:56:30Z INFO JobDispatcher] Start renew job request 0 for job 00ae4e27-5598-5c07-9bcb-e3a1a63c38e5.
[2025-11-06 13:56:31Z INFO JobDispatcher] Successfully renew job 00ae4e27-5598-5c07-9bcb-e3a1a63c38e5, job is valid till 11/6/2025 2:06:31 PM
[2025-11-06 13:56:31Z INFO HostContext] Well known directory 'Bin': 'C:\Users\asadi\Desktop\courses\3rdyear\1st sem\MLOps\Asiignments\github-actions-docker-demo\actions-runner\bin'
[2025-11-06 13:56:31Z INFO ProcessInvokerWrapper] Starting process:
[2025-11-06 13:56:31Z INFO ProcessInvokerWrapper]   File name: 'C:\Users\asadi\Desktop\courses\3rdyear\1st sem\MLOps\Asiignments\github-actions-docker-demo\actions-runner\bin\Runner.Worker.exe'
[2025-11-06 13:56:31Z INFO ProcessInvokerWrapper]   Arguments: 'spawnclient 1192 1628'
[2025-11-06 13:56:31Z INFO ProcessInvokerWrapper]   Working directory: 'C:\Users\asadi\Desktop\courses\3rdyear\1st sem\MLOps\Asiignments\github-actions-docker-demo\actions-runner\bin'
[2025-11-06 13:56:31Z INFO ProcessInvokerWrapper]   Require exit code zero: 'False'
[2025-11-06 13:56:31Z INFO ProcessInvokerWrapper]   Encoding web name:  ; code page: ''
[2025-11-06 13:56:31Z INFO ProcessInvokerWrapper]   Force kill process on cancellation: 'True'
[2025-11-06 13:56:31Z INFO ProcessInvokerWrapper]   Redirected STDIN: 'False'
[2025-11-06 13:56:31Z INFO ProcessInvokerWrapper]   Persist current code page: 'False'
[2025-11-06 13:56:31Z INFO ProcessInvokerWrapper]   Keep redirected STDIN open: 'False'
[2025-11-06 13:56:31Z INFO ProcessInvokerWrapper]   High priority process: 'True'
[2025-11-06 13:56:31Z INFO ProcessInvokerWrapper] Process started with process id 8112, waiting for process exit.
[2025-11-06 13:56:31Z INFO JobDispatcher] Send job request message to worker for job 00ae4e27-5598-5c07-9bcb-e3a1a63c38e5.
[2025-11-06 13:56:31Z INFO ProcessChannel] Sending message of length 20029, with hash '68c17e4af44e37137a74bd7fcdf60770fc7e497219820204c206c5b4998b7ab2'
[2025-11-06 13:56:31Z INFO JobNotification] Entering JobStarted Notification
[2025-11-06 13:56:31Z INFO JobNotification] Entering StartMonitor
[2025-11-06 13:56:49Z INFO ProcessInvokerWrapper] STDOUT/STDERR stream read finished.
[2025-11-06 13:56:49Z INFO ProcessInvokerWrapper] STDOUT/STDERR stream read finished.
[2025-11-06 13:56:49Z INFO ProcessInvokerWrapper] Finished process 8112 with exit code 102, and elapsed time 00:00:18.7924155.
[2025-11-06 13:56:49Z INFO JobDispatcher] Worker finished for job 00ae4e27-5598-5c07-9bcb-e3a1a63c38e5. Code: 102
[2025-11-06 13:56:49Z INFO JobDispatcher] finish job request for job 00ae4e27-5598-5c07-9bcb-e3a1a63c38e5 with result: Failed
[2025-11-06 13:56:49Z INFO Terminal] WRITE LINE: 2025-11-06 13:56:49Z: Job build-and-push completed with result: Failed
[2025-11-06 13:56:49Z INFO JobDispatcher] Stop renew job request for job 00ae4e27-5598-5c07-9bcb-e3a1a63c38e5.
[2025-11-06 13:56:49Z INFO JobDispatcher] job renew has been cancelled, stop renew job 00ae4e27-5598-5c07-9bcb-e3a1a63c38e5.
[2025-11-06 13:56:49Z INFO JobNotification] Entering JobCompleted Notification
[2025-11-06 13:56:49Z INFO JobNotification] Entering EndMonitor
[2025-11-06 13:56:49Z INFO BrokerMessageListener] Received job status event. JobState: Online
[2025-11-06 13:56:49Z WARN GitHubActionsService] GET request to https://broker.actions.githubusercontent.com/message?sessionId=62c55256-61b3-4668-8431-ab5918fb4fcf&status=Busy&runnerVersion=2.329.0&os=Windows&architecture=X64&disableUpdate=false has been cancelled.
[2025-11-06 13:56:49Z ERR  BrokerServer] Catch exception during request
[2025-11-06 13:56:49Z ERR  BrokerServer] System.Threading.Tasks.TaskCanceledException: The operation was canceled.
 ---> System.Threading.Tasks.TaskCanceledException: The operation was canceled.
 ---> System.IO.IOException: Unable to read data from the transport connection: The I/O operation has been aborted because of either a thread exit or an application request..
 ---> System.Net.Sockets.SocketException (995): The I/O operation has been aborted because of either a thread exit or an application request.
   --- End of inner exception stack trace ---
   at System.Net.Sockets.Socket.AwaitableSocketAsyncEventArgs.System.Threading.Tasks.Sources.IValueTaskSource<System.Int32>.GetResult(Int16 token)
   at System.Net.Security.SslStream.EnsureFullTlsFrameAsync[TIOAdapter](CancellationToken cancellationToken, Int32 estimatedSize)
   at System.Runtime.CompilerServices.PoolingAsyncValueTaskMethodBuilder`1.StateMachineBox`1.System.Threading.Tasks.Sources.IValueTaskSource<TResult>.GetResult(Int16 token)
   at System.Net.Security.SslStream.ReadAsyncInternal[TIOAdapter](Memory`1 buffer, CancellationToken cancellationToken)
   at System.Runtime.CompilerServices.PoolingAsyncValueTaskMethodBuilder`1.StateMachineBox`1.System.Threading.Tasks.Sources.IValueTaskSource<TResult>.GetResult(Int16 token)
   at System.Net.Http.HttpConnection.SendAsync(HttpRequestMessage request, Boolean async, CancellationToken cancellationToken)
   --- End of inner exception stack trace ---
   at System.Net.Http.HttpConnection.SendAsync(HttpRequestMessage request, Boolean async, CancellationToken cancellationToken)
   at System.Net.Http.AuthenticationHelper.SendWithNtAuthAsync(HttpRequestMessage request, Uri authUri, Boolean async, ICredentials credentials, Boolean isProxyAuth, HttpConnection connection, HttpConnectionPool connectionPool, CancellationToken cancellationToken)
   at System.Net.Http.HttpConnectionPool.SendWithVersionDetectionAndRetryAsync(HttpRequestMessage request, Boolean async, Boolean doRequestAuth, CancellationToken cancellationToken)
   at System.Net.Http.AuthenticationHelper.SendWithAuthAsync(HttpRequestMessage request, Uri authUri, Boolean async, ICredentials credentials, Boolean preAuthenticate, Boolean isProxyAuth, Boolean doRequestAuth, HttpConnectionPool pool, CancellationToken cancellationToken)
   at System.Net.Http.RedirectHandler.SendAsync(HttpRequestMessage request, Boolean async, CancellationToken cancellationToken)
   at GitHub.Services.Common.RawHttpMessageHandler.SendAsync(HttpRequestMessage request, CancellationToken cancellationToken)
   at GitHub.Services.Common.VssHttpRetryMessageHandler.SendAsync(HttpRequestMessage request, CancellationToken cancellationToken)
   at System.Net.Http.HttpClient.<SendAsync>g__Core|83_0(HttpRequestMessage request, HttpCompletionOption completionOption, CancellationTokenSource cts, Boolean disposeCts, CancellationTokenSource pendingRequestsCts, CancellationToken originalCancellationToken)
   --- End of inner exception stack trace ---
   at System.Net.Http.HttpClient.HandleFailure(Exception e, Boolean telemetryStarted, HttpResponseMessage response, CancellationTokenSource cts, CancellationToken cancellationToken, CancellationTokenSource pendingRequestsCts)
   at System.Net.Http.HttpClient.<SendAsync>g__Core|83_0(HttpRequestMessage request, HttpCompletionOption completionOption, CancellationTokenSource cts, Boolean disposeCts, CancellationTokenSource pendingRequestsCts, CancellationToken originalCancellationToken)
   at Sdk.WebApi.WebApi.RawHttpClientBase.SendAsync(HttpRequestMessage message, HttpCompletionOption completionOption, Object userState, CancellationToken cancellationToken)
   at Sdk.WebApi.WebApi.RawHttpClientBase.SendAsync[T](HttpRequestMessage message, Boolean readErrorBody, Object userState, CancellationToken cancellationToken)
   at Sdk.WebApi.WebApi.RawHttpClientBase.SendAsync[T](HttpMethod method, IEnumerable`1 additionalHeaders, Uri requestUri, HttpContent content, IEnumerable`1 queryParameters, Boolean readErrorBody, Object userState, CancellationToken cancellationToken)
   at GitHub.Actions.RunService.WebApi.BrokerHttpClient.GetRunnerMessageAsync(Nullable`1 sessionId, String runnerVersion, Nullable`1 status, String os, String architecture, Nullable`1 disableUpdate, CancellationToken cancellationToken)
   at GitHub.Runner.Common.BrokerServer.<>c__DisplayClass7_0.<<GetRunnerMessageAsync>b__0>d.MoveNext()
--- End of stack trace from previous location ---
   at GitHub.Runner.Common.RunnerService.RetryRequest[T](Func`1 func, CancellationToken cancellationToken, Int32 maxAttempts, Func`2 shouldRetry)
[2025-11-06 13:56:49Z ERR  BrokerServer] #####################################################
[2025-11-06 13:56:49Z ERR  BrokerServer] System.Threading.Tasks.TaskCanceledException: The operation was canceled.
 ---> System.IO.IOException: Unable to read data from the transport connection: The I/O operation has been aborted because of either a thread exit or an application request..
 ---> System.Net.Sockets.SocketException (995): The I/O operation has been aborted because of either a thread exit or an application request.
   --- End of inner exception stack trace ---
   at System.Net.Sockets.Socket.AwaitableSocketAsyncEventArgs.System.Threading.Tasks.Sources.IValueTaskSource<System.Int32>.GetResult(Int16 token)
   at System.Net.Security.SslStream.EnsureFullTlsFrameAsync[TIOAdapter](CancellationToken cancellationToken, Int32 estimatedSize)
   at System.Runtime.CompilerServices.PoolingAsyncValueTaskMethodBuilder`1.StateMachineBox`1.System.Threading.Tasks.Sources.IValueTaskSource<TResult>.GetResult(Int16 token)
   at System.Net.Security.SslStream.ReadAsyncInternal[TIOAdapter](Memory`1 buffer, CancellationToken cancellationToken)
   at System.Runtime.CompilerServices.PoolingAsyncValueTaskMethodBuilder`1.StateMachineBox`1.System.Threading.Tasks.Sources.IValueTaskSource<TResult>.GetResult(Int16 token)
   at System.Net.Http.HttpConnection.SendAsync(HttpRequestMessage request, Boolean async, CancellationToken cancellationToken)
   --- End of inner exception stack trace ---
   at System.Net.Http.HttpConnection.SendAsync(HttpRequestMessage request, Boolean async, CancellationToken cancellationToken)
   at System.Net.Http.AuthenticationHelper.SendWithNtAuthAsync(HttpRequestMessage request, Uri authUri, Boolean async, ICredentials credentials, Boolean isProxyAuth, HttpConnection connection, HttpConnectionPool connectionPool, CancellationToken cancellationToken)
   at System.Net.Http.HttpConnectionPool.SendWithVersionDetectionAndRetryAsync(HttpRequestMessage request, Boolean async, Boolean doRequestAuth, CancellationToken cancellationToken)
   at System.Net.Http.AuthenticationHelper.SendWithAuthAsync(HttpRequestMessage request, Uri authUri, Boolean async, ICredentials credentials, Boolean preAuthenticate, Boolean isProxyAuth, Boolean doRequestAuth, HttpConnectionPool pool, CancellationToken cancellationToken)
   at System.Net.Http.RedirectHandler.SendAsync(HttpRequestMessage request, Boolean async, CancellationToken cancellationToken)
   at GitHub.Services.Common.RawHttpMessageHandler.SendAsync(HttpRequestMessage request, CancellationToken cancellationToken)
   at GitHub.Services.Common.VssHttpRetryMessageHandler.SendAsync(HttpRequestMessage request, CancellationToken cancellationToken)
   at System.Net.Http.HttpClient.<SendAsync>g__Core|83_0(HttpRequestMessage request, HttpCompletionOption completionOption, CancellationTokenSource cts, Boolean disposeCts, CancellationTokenSource pendingRequestsCts, CancellationToken originalCancellationToken)
[2025-11-06 13:56:49Z ERR  BrokerServer] #####################################################
[2025-11-06 13:56:49Z ERR  BrokerServer] System.IO.IOException: Unable to read data from the transport connection: The I/O operation has been aborted because of either a thread exit or an application request..
 ---> System.Net.Sockets.SocketException (995): The I/O operation has been aborted because of either a thread exit or an application request.
   --- End of inner exception stack trace ---
   at System.Net.Sockets.Socket.AwaitableSocketAsyncEventArgs.System.Threading.Tasks.Sources.IValueTaskSource<System.Int32>.GetResult(Int16 token)
   at System.Net.Security.SslStream.EnsureFullTlsFrameAsync[TIOAdapter](CancellationToken cancellationToken, Int32 estimatedSize)
   at System.Runtime.CompilerServices.PoolingAsyncValueTaskMethodBuilder`1.StateMachineBox`1.System.Threading.Tasks.Sources.IValueTaskSource<TResult>.GetResult(Int16 token)
   at System.Net.Security.SslStream.ReadAsyncInternal[TIOAdapter](Memory`1 buffer, CancellationToken cancellationToken)
   at System.Runtime.CompilerServices.PoolingAsyncValueTaskMethodBuilder`1.StateMachineBox`1.System.Threading.Tasks.Sources.IValueTaskSource<TResult>.GetResult(Int16 token)
   at System.Net.Http.HttpConnection.SendAsync(HttpRequestMessage request, Boolean async, CancellationToken cancellationToken)
[2025-11-06 13:56:49Z ERR  BrokerServer] #####################################################
[2025-11-06 13:56:49Z ERR  BrokerServer] System.Net.Sockets.SocketException (995): The I/O operation has been aborted because of either a thread exit or an application request.
[2025-11-06 13:56:49Z WARN BrokerServer] Back off 9.694 seconds before next retry. 4 attempt left.
[2025-11-06 13:56:49Z INFO BrokerMessageListener] Get messages has been cancelled using local token source. Continue to get messages with new status.
[2025-11-06 13:59:03Z INFO ConfigurationStore] HasCredentials()
[2025-11-06 13:59:03Z INFO ConfigurationStore] stored True
[2025-11-06 13:59:03Z INFO CredentialManager] GetCredentialProvider
[2025-11-06 13:59:03Z INFO CredentialManager] Creating type OAuth
[2025-11-06 13:59:03Z INFO CredentialManager] Creating credential type: OAuth
[2025-11-06 13:59:03Z INFO RSAEncryptedFileKeyManager] Loading RSA key parameters from file C:\Users\asadi\Desktop\courses\3rdyear\1st sem\MLOps\Asiignments\github-actions-docker-demo\actions-runner\.credentials_rsaparams
[2025-11-06 13:59:03Z INFO RSAEncryptedFileKeyManager] Loading RSA key parameters from file C:\Users\asadi\Desktop\courses\3rdyear\1st sem\MLOps\Asiignments\github-actions-docker-demo\actions-runner\.credentials_rsaparams
[2025-11-06 13:59:03Z INFO RSAEncryptedFileKeyManager] Loading RSA key parameters from file C:\Users\asadi\Desktop\courses\3rdyear\1st sem\MLOps\Asiignments\github-actions-docker-demo\actions-runner\.credentials_rsaparams
[2025-11-06 13:59:03Z INFO GitHubActionsService] AAD Correlation ID for this token request: Unknown
[2025-11-06 13:59:04Z INFO JobDispatcher] Job request 0 for plan 5701ddea-5f8e-4885-ae01-ae0d510569d1 job c953c757-ecef-5e0b-82cb-29395d931934 received.
[2025-11-06 13:59:04Z INFO JobDispatcher] Pull OrchestrationId 5701ddea-5f8e-4885-ae01-ae0d510569d1.build-and-push.__default from JWT claims
[2025-11-06 13:59:04Z INFO BrokerMessageListener] Received job status event. JobState: Busy
[2025-11-06 13:59:04Z INFO BrokerMessageListener] _getMessagesTokenSource is already disposed.
[2025-11-06 13:59:04Z INFO JobDispatcher] Job request 00ae4e27-5598-5c07-9bcb-e3a1a63c38e5 processed succeed.
[2025-11-06 13:59:04Z INFO Terminal] WRITE LINE: 2025-11-06 13:59:04Z: Running job: build-and-push
[2025-11-06 13:59:04Z INFO JobDispatcher] Start renew job request 0 for job c953c757-ecef-5e0b-82cb-29395d931934.
[2025-11-06 13:59:05Z INFO JobDispatcher] Successfully renew job c953c757-ecef-5e0b-82cb-29395d931934, job is valid till 11/6/2025 2:09:05 PM
[2025-11-06 13:59:05Z INFO HostContext] Well known directory 'Bin': 'C:\Users\asadi\Desktop\courses\3rdyear\1st sem\MLOps\Asiignments\github-actions-docker-demo\actions-runner\bin'
[2025-11-06 13:59:05Z INFO ProcessInvokerWrapper] Starting process:
[2025-11-06 13:59:05Z INFO ProcessInvokerWrapper]   File name: 'C:\Users\asadi\Desktop\courses\3rdyear\1st sem\MLOps\Asiignments\github-actions-docker-demo\actions-runner\bin\Runner.Worker.exe'
[2025-11-06 13:59:05Z INFO ProcessInvokerWrapper]   Arguments: 'spawnclient 1304 1784'
[2025-11-06 13:59:05Z INFO ProcessInvokerWrapper]   Working directory: 'C:\Users\asadi\Desktop\courses\3rdyear\1st sem\MLOps\Asiignments\github-actions-docker-demo\actions-runner\bin'
[2025-11-06 13:59:05Z INFO ProcessInvokerWrapper]   Require exit code zero: 'False'
[2025-11-06 13:59:05Z INFO ProcessInvokerWrapper]   Encoding web name:  ; code page: ''
[2025-11-06 13:59:05Z INFO ProcessInvokerWrapper]   Force kill process on cancellation: 'True'
[2025-11-06 13:59:05Z INFO ProcessInvokerWrapper]   Redirected STDIN: 'False'
[2025-11-06 13:59:05Z INFO ProcessInvokerWrapper]   Persist current code page: 'False'
[2025-11-06 13:59:05Z INFO ProcessInvokerWrapper]   Keep redirected STDIN open: 'False'
[2025-11-06 13:59:05Z INFO ProcessInvokerWrapper]   High priority process: 'True'
[2025-11-06 13:59:05Z INFO ProcessInvokerWrapper] Process started with process id 3648, waiting for process exit.
[2025-11-06 13:59:05Z INFO JobDispatcher] Send job request message to worker for job c953c757-ecef-5e0b-82cb-29395d931934.
[2025-11-06 13:59:05Z INFO ProcessChannel] Sending message of length 25176, with hash 'cdae36de221601e5b7094e704fdcb7e60ebd99afe1a558db106d1b20adc2144d'
[2025-11-06 13:59:05Z INFO JobNotification] Entering JobStarted Notification
[2025-11-06 13:59:05Z INFO JobNotification] Entering StartMonitor
[2025-11-06 13:59:19Z INFO ProcessInvokerWrapper] STDOUT/STDERR stream read finished.
[2025-11-06 13:59:19Z INFO ProcessInvokerWrapper] STDOUT/STDERR stream read finished.
[2025-11-06 13:59:19Z INFO ProcessInvokerWrapper] Finished process 3648 with exit code 102, and elapsed time 00:00:14.3819568.
[2025-11-06 13:59:19Z INFO JobDispatcher] Worker finished for job c953c757-ecef-5e0b-82cb-29395d931934. Code: 102
[2025-11-06 13:59:19Z INFO JobDispatcher] finish job request for job c953c757-ecef-5e0b-82cb-29395d931934 with result: Failed
[2025-11-06 13:59:19Z INFO Terminal] WRITE LINE: 2025-11-06 13:59:19Z: Job build-and-push completed with result: Failed
[2025-11-06 13:59:19Z INFO JobDispatcher] Stop renew job request for job c953c757-ecef-5e0b-82cb-29395d931934.
[2025-11-06 13:59:19Z INFO JobDispatcher] job renew has been cancelled, stop renew job c953c757-ecef-5e0b-82cb-29395d931934.
[2025-11-06 13:59:19Z INFO JobNotification] Entering JobCompleted Notification
[2025-11-06 13:59:19Z INFO JobNotification] Entering EndMonitor
[2025-11-06 13:59:19Z INFO BrokerMessageListener] Received job status event. JobState: Online
[2025-11-06 13:59:19Z WARN GitHubActionsService] GET request to https://broker.actions.githubusercontent.com/message?sessionId=62c55256-61b3-4668-8431-ab5918fb4fcf&status=Busy&runnerVersion=2.329.0&os=Windows&architecture=X64&disableUpdate=false has been cancelled.
[2025-11-06 13:59:19Z ERR  BrokerServer] Catch exception during request
[2025-11-06 13:59:19Z ERR  BrokerServer] System.Threading.Tasks.TaskCanceledException: The operation was canceled.
 ---> System.Threading.Tasks.TaskCanceledException: The operation was canceled.
 ---> System.IO.IOException: Unable to read data from the transport connection: The I/O operation has been aborted because of either a thread exit or an application request..
 ---> System.Net.Sockets.SocketException (995): The I/O operation has been aborted because of either a thread exit or an application request.
   --- End of inner exception stack trace ---
   at System.Net.Sockets.Socket.AwaitableSocketAsyncEventArgs.System.Threading.Tasks.Sources.IValueTaskSource<System.Int32>.GetResult(Int16 token)
   at System.Net.Security.SslStream.EnsureFullTlsFrameAsync[TIOAdapter](CancellationToken cancellationToken, Int32 estimatedSize)
   at System.Runtime.CompilerServices.PoolingAsyncValueTaskMethodBuilder`1.StateMachineBox`1.System.Threading.Tasks.Sources.IValueTaskSource<TResult>.GetResult(Int16 token)
   at System.Net.Security.SslStream.ReadAsyncInternal[TIOAdapter](Memory`1 buffer, CancellationToken cancellationToken)
   at System.Runtime.CompilerServices.PoolingAsyncValueTaskMethodBuilder`1.StateMachineBox`1.System.Threading.Tasks.Sources.IValueTaskSource<TResult>.GetResult(Int16 token)
   at System.Net.Http.HttpConnection.SendAsync(HttpRequestMessage request, Boolean async, CancellationToken cancellationToken)
   --- End of inner exception stack trace ---
   at System.Net.Http.HttpConnection.SendAsync(HttpRequestMessage request, Boolean async, CancellationToken cancellationToken)
   at System.Net.Http.AuthenticationHelper.SendWithNtAuthAsync(HttpRequestMessage request, Uri authUri, Boolean async, ICredentials credentials, Boolean isProxyAuth, HttpConnection connection, HttpConnectionPool connectionPool, CancellationToken cancellationToken)
   at System.Net.Http.HttpConnectionPool.SendWithVersionDetectionAndRetryAsync(HttpRequestMessage request, Boolean async, Boolean doRequestAuth, CancellationToken cancellationToken)
   at System.Net.Http.AuthenticationHelper.SendWithAuthAsync(HttpRequestMessage request, Uri authUri, Boolean async, ICredentials credentials, Boolean preAuthenticate, Boolean isProxyAuth, Boolean doRequestAuth, HttpConnectionPool pool, CancellationToken cancellationToken)
   at System.Net.Http.RedirectHandler.SendAsync(HttpRequestMessage request, Boolean async, CancellationToken cancellationToken)
   at GitHub.Services.Common.RawHttpMessageHandler.SendAsync(HttpRequestMessage request, CancellationToken cancellationToken)
   at GitHub.Services.Common.VssHttpRetryMessageHandler.SendAsync(HttpRequestMessage request, CancellationToken cancellationToken)
   at System.Net.Http.HttpClient.<SendAsync>g__Core|83_0(HttpRequestMessage request, HttpCompletionOption completionOption, CancellationTokenSource cts, Boolean disposeCts, CancellationTokenSource pendingRequestsCts, CancellationToken originalCancellationToken)
   --- End of inner exception stack trace ---
   at System.Net.Http.HttpClient.HandleFailure(Exception e, Boolean telemetryStarted, HttpResponseMessage response, CancellationTokenSource cts, CancellationToken cancellationToken, CancellationTokenSource pendingRequestsCts)
   at System.Net.Http.HttpClient.<SendAsync>g__Core|83_0(HttpRequestMessage request, HttpCompletionOption completionOption, CancellationTokenSource cts, Boolean disposeCts, CancellationTokenSource pendingRequestsCts, CancellationToken originalCancellationToken)
   at Sdk.WebApi.WebApi.RawHttpClientBase.SendAsync(HttpRequestMessage message, HttpCompletionOption completionOption, Object userState, CancellationToken cancellationToken)
   at Sdk.WebApi.WebApi.RawHttpClientBase.SendAsync[T](HttpRequestMessage message, Boolean readErrorBody, Object userState, CancellationToken cancellationToken)
   at Sdk.WebApi.WebApi.RawHttpClientBase.SendAsync[T](HttpMethod method, IEnumerable`1 additionalHeaders, Uri requestUri, HttpContent content, IEnumerable`1 queryParameters, Boolean readErrorBody, Object userState, CancellationToken cancellationToken)
   at GitHub.Actions.RunService.WebApi.BrokerHttpClient.GetRunnerMessageAsync(Nullable`1 sessionId, String runnerVersion, Nullable`1 status, String os, String architecture, Nullable`1 disableUpdate, CancellationToken cancellationToken)
   at GitHub.Runner.Common.BrokerServer.<>c__DisplayClass7_0.<<GetRunnerMessageAsync>b__0>d.MoveNext()
--- End of stack trace from previous location ---
   at GitHub.Runner.Common.RunnerService.RetryRequest[T](Func`1 func, CancellationToken cancellationToken, Int32 maxAttempts, Func`2 shouldRetry)
[2025-11-06 13:59:19Z ERR  BrokerServer] #####################################################
[2025-11-06 13:59:19Z ERR  BrokerServer] System.Threading.Tasks.TaskCanceledException: The operation was canceled.
 ---> System.IO.IOException: Unable to read data from the transport connection: The I/O operation has been aborted because of either a thread exit or an application request..
 ---> System.Net.Sockets.SocketException (995): The I/O operation has been aborted because of either a thread exit or an application request.
   --- End of inner exception stack trace ---
   at System.Net.Sockets.Socket.AwaitableSocketAsyncEventArgs.System.Threading.Tasks.Sources.IValueTaskSource<System.Int32>.GetResult(Int16 token)
   at System.Net.Security.SslStream.EnsureFullTlsFrameAsync[TIOAdapter](CancellationToken cancellationToken, Int32 estimatedSize)
   at System.Runtime.CompilerServices.PoolingAsyncValueTaskMethodBuilder`1.StateMachineBox`1.System.Threading.Tasks.Sources.IValueTaskSource<TResult>.GetResult(Int16 token)
   at System.Net.Security.SslStream.ReadAsyncInternal[TIOAdapter](Memory`1 buffer, CancellationToken cancellationToken)
   at System.Runtime.CompilerServices.PoolingAsyncValueTaskMethodBuilder`1.StateMachineBox`1.System.Threading.Tasks.Sources.IValueTaskSource<TResult>.GetResult(Int16 token)
   at System.Net.Http.HttpConnection.SendAsync(HttpRequestMessage request, Boolean async, CancellationToken cancellationToken)
   --- End of inner exception stack trace ---
   at System.Net.Http.HttpConnection.SendAsync(HttpRequestMessage request, Boolean async, CancellationToken cancellationToken)
   at System.Net.Http.AuthenticationHelper.SendWithNtAuthAsync(HttpRequestMessage request, Uri authUri, Boolean async, ICredentials credentials, Boolean isProxyAuth, HttpConnection connection, HttpConnectionPool connectionPool, CancellationToken cancellationToken)
   at System.Net.Http.HttpConnectionPool.SendWithVersionDetectionAndRetryAsync(HttpRequestMessage request, Boolean async, Boolean doRequestAuth, CancellationToken cancellationToken)
   at System.Net.Http.AuthenticationHelper.SendWithAuthAsync(HttpRequestMessage request, Uri authUri, Boolean async, ICredentials credentials, Boolean preAuthenticate, Boolean isProxyAuth, Boolean doRequestAuth, HttpConnectionPool pool, CancellationToken cancellationToken)
   at System.Net.Http.RedirectHandler.SendAsync(HttpRequestMessage request, Boolean async, CancellationToken cancellationToken)
   at GitHub.Services.Common.RawHttpMessageHandler.SendAsync(HttpRequestMessage request, CancellationToken cancellationToken)
   at GitHub.Services.Common.VssHttpRetryMessageHandler.SendAsync(HttpRequestMessage request, CancellationToken cancellationToken)
   at System.Net.Http.HttpClient.<SendAsync>g__Core|83_0(HttpRequestMessage request, HttpCompletionOption completionOption, CancellationTokenSource cts, Boolean disposeCts, CancellationTokenSource pendingRequestsCts, CancellationToken originalCancellationToken)
[2025-11-06 13:59:19Z ERR  BrokerServer] #####################################################
[2025-11-06 13:59:19Z ERR  BrokerServer] System.IO.IOException: Unable to read data from the transport connection: The I/O operation has been aborted because of either a thread exit or an application request..
 ---> System.Net.Sockets.SocketException (995): The I/O operation has been aborted because of either a thread exit or an application request.
   --- End of inner exception stack trace ---
   at System.Net.Sockets.Socket.AwaitableSocketAsyncEventArgs.System.Threading.Tasks.Sources.IValueTaskSource<System.Int32>.GetResult(Int16 token)
   at System.Net.Security.SslStream.EnsureFullTlsFrameAsync[TIOAdapter](CancellationToken cancellationToken, Int32 estimatedSize)
   at System.Runtime.CompilerServices.PoolingAsyncValueTaskMethodBuilder`1.StateMachineBox`1.System.Threading.Tasks.Sources.IValueTaskSource<TResult>.GetResult(Int16 token)
   at System.Net.Security.SslStream.ReadAsyncInternal[TIOAdapter](Memory`1 buffer, CancellationToken cancellationToken)
   at System.Runtime.CompilerServices.PoolingAsyncValueTaskMethodBuilder`1.StateMachineBox`1.System.Threading.Tasks.Sources.IValueTaskSource<TResult>.GetResult(Int16 token)
   at System.Net.Http.HttpConnection.SendAsync(HttpRequestMessage request, Boolean async, CancellationToken cancellationToken)
[2025-11-06 13:59:19Z ERR  BrokerServer] #####################################################
[2025-11-06 13:59:19Z ERR  BrokerServer] System.Net.Sockets.SocketException (995): The I/O operation has been aborted because of either a thread exit or an application request.
[2025-11-06 13:59:19Z WARN BrokerServer] Back off 8.655 seconds before next retry. 4 attempt left.
[2025-11-06 13:59:19Z INFO BrokerMessageListener] Get messages has been cancelled using local token source. Continue to get messages with new status.
[2025-11-06 14:00:02Z INFO ConfigurationStore] HasCredentials()
[2025-11-06 14:00:02Z INFO ConfigurationStore] stored True
[2025-11-06 14:00:02Z INFO CredentialManager] GetCredentialProvider
[2025-11-06 14:00:02Z INFO CredentialManager] Creating type OAuth
[2025-11-06 14:00:02Z INFO CredentialManager] Creating credential type: OAuth
[2025-11-06 14:00:02Z INFO RSAEncryptedFileKeyManager] Loading RSA key parameters from file C:\Users\asadi\Desktop\courses\3rdyear\1st sem\MLOps\Asiignments\github-actions-docker-demo\actions-runner\.credentials_rsaparams
[2025-11-06 14:00:02Z INFO RSAEncryptedFileKeyManager] Loading RSA key parameters from file C:\Users\asadi\Desktop\courses\3rdyear\1st sem\MLOps\Asiignments\github-actions-docker-demo\actions-runner\.credentials_rsaparams
[2025-11-06 14:00:02Z INFO RSAEncryptedFileKeyManager] Loading RSA key parameters from file C:\Users\asadi\Desktop\courses\3rdyear\1st sem\MLOps\Asiignments\github-actions-docker-demo\actions-runner\.credentials_rsaparams
[2025-11-06 14:00:03Z INFO GitHubActionsService] AAD Correlation ID for this token request: Unknown
[2025-11-06 14:00:04Z INFO JobDispatcher] Job request 0 for plan f99467ae-3e1c-47d2-9323-a3d9640d903b job 11c5f30e-75cb-5af7-98ac-35a310c555ad received.
[2025-11-06 14:00:04Z INFO JobDispatcher] Pull OrchestrationId f99467ae-3e1c-47d2-9323-a3d9640d903b.build-and-push.__default from JWT claims
[2025-11-06 14:00:04Z INFO BrokerMessageListener] Received job status event. JobState: Busy
[2025-11-06 14:00:04Z INFO BrokerMessageListener] _getMessagesTokenSource is already disposed.
[2025-11-06 14:00:04Z INFO JobDispatcher] Job request c953c757-ecef-5e0b-82cb-29395d931934 processed succeed.
[2025-11-06 14:00:04Z INFO Terminal] WRITE LINE: 2025-11-06 14:00:04Z: Running job: build-and-push
[2025-11-06 14:00:04Z INFO JobDispatcher] Start renew job request 0 for job 11c5f30e-75cb-5af7-98ac-35a310c555ad.
[2025-11-06 14:00:04Z INFO JobDispatcher] Successfully renew job 11c5f30e-75cb-5af7-98ac-35a310c555ad, job is valid till 11/6/2025 2:10:04 PM
[2025-11-06 14:00:04Z INFO HostContext] Well known directory 'Bin': 'C:\Users\asadi\Desktop\courses\3rdyear\1st sem\MLOps\Asiignments\github-actions-docker-demo\actions-runner\bin'
[2025-11-06 14:00:04Z INFO ProcessInvokerWrapper] Starting process:
[2025-11-06 14:00:04Z INFO ProcessInvokerWrapper]   File name: 'C:\Users\asadi\Desktop\courses\3rdyear\1st sem\MLOps\Asiignments\github-actions-docker-demo\actions-runner\bin\Runner.Worker.exe'
[2025-11-06 14:00:04Z INFO ProcessInvokerWrapper]   Arguments: 'spawnclient 2332 1588'
[2025-11-06 14:00:04Z INFO ProcessInvokerWrapper]   Working directory: 'C:\Users\asadi\Desktop\courses\3rdyear\1st sem\MLOps\Asiignments\github-actions-docker-demo\actions-runner\bin'
[2025-11-06 14:00:04Z INFO ProcessInvokerWrapper]   Require exit code zero: 'False'
[2025-11-06 14:00:04Z INFO ProcessInvokerWrapper]   Encoding web name:  ; code page: ''
[2025-11-06 14:00:04Z INFO ProcessInvokerWrapper]   Force kill process on cancellation: 'True'
[2025-11-06 14:00:04Z INFO ProcessInvokerWrapper]   Redirected STDIN: 'False'
[2025-11-06 14:00:04Z INFO ProcessInvokerWrapper]   Persist current code page: 'False'
[2025-11-06 14:00:04Z INFO ProcessInvokerWrapper]   Keep redirected STDIN open: 'False'
[2025-11-06 14:00:04Z INFO ProcessInvokerWrapper]   High priority process: 'True'
[2025-11-06 14:00:04Z INFO ProcessInvokerWrapper] Process started with process id 24532, waiting for process exit.
[2025-11-06 14:00:04Z INFO JobDispatcher] Send job request message to worker for job 11c5f30e-75cb-5af7-98ac-35a310c555ad.
[2025-11-06 14:00:04Z INFO ProcessChannel] Sending message of length 25286, with hash '5bba60ae1e6e41d663f5f29990414c9f262bff8d05e949f0aba7d8b485471c6f'
[2025-11-06 14:00:04Z INFO JobNotification] Entering JobStarted Notification
[2025-11-06 14:00:04Z INFO JobNotification] Entering StartMonitor
